2017-06-26 22:22:21,481 [Worker-8] INFO  o.e.m.c.i.l.LifecycleMappingFactory - Using org.eclipse.m2e.jdt.JarLifecycleMapping lifecycle mapping for MavenProject: konferencja:pl:1.0-SNAPSHOT @ C:\xampp\htdocs\konferencja-SeleniumTests\pl\pom.xml.
2017-06-26 22:22:24,329 [Worker-8] INFO  o.e.m.j.i.AbstractJavaProjectConfigurator - Adding source folder /pl/src/main/java
2017-06-26 22:22:24,336 [Worker-8] INFO  o.e.m.j.i.AbstractJavaProjectConfigurator - Adding source folder /pl/src/test/java
2017-06-26 22:22:27,073 [Worker-8] INFO  o.e.m.c.i.p.ProjectConfigurationManager - Imported and configured 1 project(s) in 13 sec
2017-06-26 22:22:27,861 [Worker-14] INFO  o.e.m.c.i.embedder.EclipseLogger - Using 'UTF-8' encoding to copy filtered resources.
2017-06-26 22:22:27,862 [Worker-14] INFO  o.e.m.c.i.embedder.EclipseLogger - skip non existing resourceDirectory C:\xampp\htdocs\konferencja-SeleniumTests\pl\src\main\resources
2017-06-26 22:22:27,865 [Worker-14] INFO  o.e.m.c.i.embedder.EclipseLogger - Using 'UTF-8' encoding to copy filtered resources.
2017-06-26 22:22:27,865 [Worker-14] INFO  o.e.m.c.i.embedder.EclipseLogger - skip non existing resourceDirectory C:\xampp\htdocs\konferencja-SeleniumTests\pl\src\test\resources
2017-06-26 22:24:10,857 [Worker-8] INFO  o.e.m.i.launch.MavenLaunchDelegate - C:\xampp\htdocs\konferencja-SeleniumTests\pl
2017-06-26 22:24:10,858 [Worker-8] INFO  o.e.m.i.launch.MavenLaunchDelegate -  mvn -B install
2017-06-26 22:24:18,539 [Worker-11] INFO  o.e.m.c.i.embedder.EclipseLogger - Using 'UTF-8' encoding to copy filtered resources.
2017-06-26 22:24:18,539 [Worker-11] INFO  o.e.m.c.i.embedder.EclipseLogger - skip non existing resourceDirectory C:\xampp\htdocs\konferencja-SeleniumTests\pl\src\main\resources
2017-06-26 22:24:18,542 [Worker-11] INFO  o.e.m.c.i.embedder.EclipseLogger - Using 'UTF-8' encoding to copy filtered resources.
2017-06-26 22:24:18,543 [Worker-11] INFO  o.e.m.c.i.embedder.EclipseLogger - skip non existing resourceDirectory C:\xampp\htdocs\konferencja-SeleniumTests\pl\src\test\resources
2017-06-26 22:25:36,284 [Worker-7] INFO  o.e.m.c.i.l.LifecycleMappingFactory - Using org.eclipse.m2e.jdt.JarLifecycleMapping lifecycle mapping for MavenProject: konferencja:pl:1.0-SNAPSHOT @ C:\xampp\htdocs\konferencja-SeleniumTests\pl\pom.xml.
2017-06-26 22:25:39,405 [Worker-7] INFO  o.e.m.c.i.embedder.EclipseLogger - Using 'UTF-8' encoding to copy filtered resources.
2017-06-26 22:25:39,426 [Worker-7] INFO  o.e.m.c.i.embedder.EclipseLogger - skip non existing resourceDirectory C:\xampp\htdocs\konferencja-SeleniumTests\pl\src\main\resources
2017-06-26 22:25:39,428 [Worker-7] INFO  o.e.m.c.i.embedder.EclipseLogger - Using 'UTF-8' encoding to copy filtered resources.
2017-06-26 22:25:39,429 [Worker-7] INFO  o.e.m.c.i.embedder.EclipseLogger - skip non existing resourceDirectory C:\xampp\htdocs\konferencja-SeleniumTests\pl\src\test\resources
2017-06-26 22:25:41,178 [Worker-13] INFO  o.e.m.c.i.embedder.EclipseLogger - Using 'UTF-8' encoding to copy filtered resources.
2017-06-26 22:25:41,184 [Worker-13] INFO  o.e.m.c.i.embedder.EclipseLogger - skip non existing resourceDirectory C:\xampp\htdocs\konferencja-SeleniumTests\pl\src\main\resources
2017-06-26 22:25:41,193 [Worker-13] INFO  o.e.m.c.i.embedder.EclipseLogger - Using 'UTF-8' encoding to copy filtered resources.
2017-06-26 22:25:41,198 [Worker-13] INFO  o.e.m.c.i.embedder.EclipseLogger - skip non existing resourceDirectory C:\xampp\htdocs\konferencja-SeleniumTests\pl\src\test\resources
2017-06-26 22:26:08,904 [Worker-5] INFO  o.e.m.c.i.embedder.EclipseLogger - Using 'UTF-8' encoding to copy filtered resources.
2017-06-26 22:26:08,908 [Worker-5] INFO  o.e.m.c.i.embedder.EclipseLogger - skip non existing resourceDirectory C:\xampp\htdocs\konferencja-SeleniumTests\pl\src\main\resources
2017-06-26 22:26:08,914 [Worker-5] INFO  o.e.m.c.i.embedder.EclipseLogger - Using 'UTF-8' encoding to copy filtered resources.
2017-06-26 22:26:08,919 [Worker-5] INFO  o.e.m.c.i.embedder.EclipseLogger - skip non existing resourceDirectory C:\xampp\htdocs\konferencja-SeleniumTests\pl\src\test\resources
2017-06-26 22:28:09,868 [Worker-14] INFO  o.e.m.c.i.embedder.EclipseLogger - Using 'UTF-8' encoding to copy filtered resources.
2017-06-26 22:28:09,872 [Worker-14] INFO  o.e.m.c.i.embedder.EclipseLogger - skip non existing resourceDirectory C:\xampp\htdocs\konferencja-SeleniumTests\pl\src\main\resources
2017-06-26 22:28:09,878 [Worker-14] INFO  o.e.m.c.i.embedder.EclipseLogger - Using 'UTF-8' encoding to copy filtered resources.
2017-06-26 22:28:09,883 [Worker-14] INFO  o.e.m.c.i.embedder.EclipseLogger - skip non existing resourceDirectory C:\xampp\htdocs\konferencja-SeleniumTests\pl\src\test\resources
2017-06-26 22:33:02,122 [Worker-10] INFO  o.e.m.c.i.embedder.EclipseLogger - Using 'UTF-8' encoding to copy filtered resources.
2017-06-26 22:33:02,127 [Worker-10] INFO  o.e.m.c.i.embedder.EclipseLogger - skip non existing resourceDirectory C:\xampp\htdocs\konferencja-SeleniumTests\pl\src\main\resources
2017-06-26 22:33:02,132 [Worker-10] INFO  o.e.m.c.i.embedder.EclipseLogger - Using 'UTF-8' encoding to copy filtered resources.
2017-06-26 22:33:02,137 [Worker-10] INFO  o.e.m.c.i.embedder.EclipseLogger - skip non existing resourceDirectory C:\xampp\htdocs\konferencja-SeleniumTests\pl\src\test\resources
2017-06-26 22:38:57,775 [Worker-5] INFO  o.e.m.c.i.l.LifecycleMappingFactory - Using org.eclipse.m2e.jdt.JarLifecycleMapping lifecycle mapping for MavenProject: konferencja:pl:1.0-SNAPSHOT @ C:\xampp\htdocs\konferencja-SeleniumTests\pl\pom.xml.
2017-06-26 22:38:59,215 [Worker-5] INFO  o.e.m.c.i.e.AbstractTransferListenerAdapter - Downloading https://repo.maven.apache.org/maven2/org/hamcrest/hamcrest-library/1.3/hamcrest-library-1.3.jar
2017-06-26 22:38:59,395 [Worker-5] INFO  o.e.m.c.i.e.AbstractTransferListenerAdapter - Downloaded https://repo.maven.apache.org/maven2/org/hamcrest/hamcrest-library/1.3/hamcrest-library-1.3.jar
2017-06-26 22:39:00,406 [Worker-5] INFO  o.e.m.c.i.embedder.EclipseLogger - Using 'UTF-8' encoding to copy filtered resources.
2017-06-26 22:39:00,411 [Worker-5] INFO  o.e.m.c.i.embedder.EclipseLogger - skip non existing resourceDirectory C:\xampp\htdocs\konferencja-SeleniumTests\pl\src\main\resources
2017-06-26 22:39:00,418 [Worker-5] INFO  o.e.m.c.i.embedder.EclipseLogger - Using 'UTF-8' encoding to copy filtered resources.
2017-06-26 22:39:00,419 [Worker-5] INFO  o.e.m.c.i.embedder.EclipseLogger - skip non existing resourceDirectory C:\xampp\htdocs\konferencja-SeleniumTests\pl\src\test\resources
2017-06-26 22:39:02,302 [Worker-4] INFO  o.e.m.c.i.embedder.EclipseLogger - Using 'UTF-8' encoding to copy filtered resources.
2017-06-26 22:39:02,302 [Worker-4] INFO  o.e.m.c.i.embedder.EclipseLogger - skip non existing resourceDirectory C:\xampp\htdocs\konferencja-SeleniumTests\pl\src\main\resources
2017-06-26 22:39:02,316 [Worker-4] INFO  o.e.m.c.i.embedder.EclipseLogger - Using 'UTF-8' encoding to copy filtered resources.
2017-06-26 22:39:02,323 [Worker-4] INFO  o.e.m.c.i.embedder.EclipseLogger - skip non existing resourceDirectory C:\xampp\htdocs\konferencja-SeleniumTests\pl\src\test\resources
2017-06-26 22:39:42,936 [Worker-1] INFO  o.e.m.c.i.embedder.EclipseLogger - Using 'UTF-8' encoding to copy filtered resources.
2017-06-26 22:39:42,936 [Worker-1] INFO  o.e.m.c.i.embedder.EclipseLogger - skip non existing resourceDirectory C:\xampp\htdocs\konferencja-SeleniumTests\pl\src\main\resources
2017-06-26 22:39:42,945 [Worker-1] INFO  o.e.m.c.i.embedder.EclipseLogger - Using 'UTF-8' encoding to copy filtered resources.
2017-06-26 22:39:42,952 [Worker-1] INFO  o.e.m.c.i.embedder.EclipseLogger - skip non existing resourceDirectory C:\xampp\htdocs\konferencja-SeleniumTests\pl\src\test\resources
2017-06-26 22:40:59,307 [Worker-14] INFO  o.e.m.c.i.embedder.EclipseLogger - Using 'UTF-8' encoding to copy filtered resources.
2017-06-26 22:40:59,307 [Worker-14] INFO  o.e.m.c.i.embedder.EclipseLogger - skip non existing resourceDirectory C:\xampp\htdocs\konferencja-SeleniumTests\pl\src\main\resources
2017-06-26 22:40:59,319 [Worker-14] INFO  o.e.m.c.i.embedder.EclipseLogger - Using 'UTF-8' encoding to copy filtered resources.
2017-06-26 22:40:59,328 [Worker-14] INFO  o.e.m.c.i.embedder.EclipseLogger - skip non existing resourceDirectory C:\xampp\htdocs\konferencja-SeleniumTests\pl\src\test\resources
2017-06-26 22:42:52,005 [Worker-11] INFO  o.e.m.c.i.embedder.EclipseLogger - Using 'UTF-8' encoding to copy filtered resources.
2017-06-26 22:42:52,006 [Worker-11] INFO  o.e.m.c.i.embedder.EclipseLogger - skip non existing resourceDirectory C:\xampp\htdocs\konferencja-SeleniumTests\pl\src\main\resources
2017-06-26 22:42:52,014 [Worker-11] INFO  o.e.m.c.i.embedder.EclipseLogger - Using 'UTF-8' encoding to copy filtered resources.
2017-06-26 22:42:52,021 [Worker-11] INFO  o.e.m.c.i.embedder.EclipseLogger - skip non existing resourceDirectory C:\xampp\htdocs\konferencja-SeleniumTests\pl\src\test\resources
2017-06-26 22:43:24,467 [Worker-14] INFO  o.e.m.c.i.embedder.EclipseLogger - Using 'UTF-8' encoding to copy filtered resources.
2017-06-26 22:43:24,467 [Worker-14] INFO  o.e.m.c.i.embedder.EclipseLogger - skip non existing resourceDirectory C:\xampp\htdocs\konferencja-SeleniumTests\pl\src\main\resources
2017-06-26 22:43:24,477 [Worker-14] INFO  o.e.m.c.i.embedder.EclipseLogger - Using 'UTF-8' encoding to copy filtered resources.
2017-06-26 22:43:24,481 [Worker-14] INFO  o.e.m.c.i.embedder.EclipseLogger - skip non existing resourceDirectory C:\xampp\htdocs\konferencja-SeleniumTests\pl\src\test\resources
2017-06-26 22:43:34,545 [Worker-11] INFO  o.e.m.c.i.embedder.EclipseLogger - Using 'UTF-8' encoding to copy filtered resources.
2017-06-26 22:43:34,545 [Worker-11] INFO  o.e.m.c.i.embedder.EclipseLogger - skip non existing resourceDirectory C:\xampp\htdocs\konferencja-SeleniumTests\pl\src\main\resources
2017-06-26 22:43:34,553 [Worker-11] INFO  o.e.m.c.i.embedder.EclipseLogger - Using 'UTF-8' encoding to copy filtered resources.
2017-06-26 22:43:34,558 [Worker-11] INFO  o.e.m.c.i.embedder.EclipseLogger - skip non existing resourceDirectory C:\xampp\htdocs\konferencja-SeleniumTests\pl\src\test\resources
2017-06-26 22:49:09,036 [Worker-3] INFO  o.e.m.c.i.embedder.EclipseLogger - Using 'UTF-8' encoding to copy filtered resources.
2017-06-26 22:49:09,037 [Worker-3] INFO  o.e.m.c.i.embedder.EclipseLogger - skip non existing resourceDirectory C:\xampp\htdocs\konferencja-SeleniumTests\pl\src\main\resources
2017-06-26 22:49:09,045 [Worker-3] INFO  o.e.m.c.i.embedder.EclipseLogger - Using 'UTF-8' encoding to copy filtered resources.
2017-06-26 22:49:09,051 [Worker-3] INFO  o.e.m.c.i.embedder.EclipseLogger - skip non existing resourceDirectory C:\xampp\htdocs\konferencja-SeleniumTests\pl\src\test\resources
2017-06-26 22:56:59,530 [Worker-13] INFO  o.e.m.c.i.embedder.EclipseLogger - Using 'UTF-8' encoding to copy filtered resources.
2017-06-26 22:56:59,531 [Worker-13] INFO  o.e.m.c.i.embedder.EclipseLogger - skip non existing resourceDirectory C:\xampp\htdocs\konferencja-SeleniumTests\pl\src\main\resources
2017-06-26 22:56:59,536 [Worker-13] INFO  o.e.m.c.i.embedder.EclipseLogger - Using 'UTF-8' encoding to copy filtered resources.
2017-06-26 22:56:59,541 [Worker-13] INFO  o.e.m.c.i.embedder.EclipseLogger - skip non existing resourceDirectory C:\xampp\htdocs\konferencja-SeleniumTests\pl\src\test\resources
2017-06-26 22:57:08,214 [Worker-5] INFO  o.e.m.c.i.embedder.EclipseLogger - Using 'UTF-8' encoding to copy filtered resources.
2017-06-26 22:57:08,214 [Worker-5] INFO  o.e.m.c.i.embedder.EclipseLogger - skip non existing resourceDirectory C:\xampp\htdocs\konferencja-SeleniumTests\pl\src\main\resources
2017-06-26 22:57:08,219 [Worker-5] INFO  o.e.m.c.i.embedder.EclipseLogger - Using 'UTF-8' encoding to copy filtered resources.
2017-06-26 22:57:08,224 [Worker-5] INFO  o.e.m.c.i.embedder.EclipseLogger - skip non existing resourceDirectory C:\xampp\htdocs\konferencja-SeleniumTests\pl\src\test\resources
2017-06-26 23:07:11,745 [Worker-13] INFO  o.e.m.c.i.embedder.EclipseLogger - Using 'UTF-8' encoding to copy filtered resources.
2017-06-26 23:07:11,745 [Worker-13] INFO  o.e.m.c.i.embedder.EclipseLogger - skip non existing resourceDirectory C:\xampp\htdocs\konferencja-SeleniumTests\pl\src\main\resources
2017-06-26 23:07:11,754 [Worker-13] INFO  o.e.m.c.i.embedder.EclipseLogger - Using 'UTF-8' encoding to copy filtered resources.
2017-06-26 23:07:11,760 [Worker-13] INFO  o.e.m.c.i.embedder.EclipseLogger - skip non existing resourceDirectory C:\xampp\htdocs\konferencja-SeleniumTests\pl\src\test\resources
2017-06-26 23:07:40,837 [Worker-5] INFO  o.e.m.c.i.e.AbstractTransferListenerAdapter - Downloading https://repo.maven.apache.org/maven2/org/hamcrest/hamcrest-core/1.3/hamcrest-core-1.3-sources.jar
2017-06-26 23:07:41,338 [Worker-5] INFO  o.e.m.c.i.e.AbstractTransferListenerAdapter - Downloaded https://repo.maven.apache.org/maven2/org/hamcrest/hamcrest-core/1.3/hamcrest-core-1.3-sources.jar
2017-06-26 23:07:41,480 [Worker-5] INFO  o.e.m.j.internal.DownloadSourcesJob - Downloaded sources for org.hamcrest:hamcrest-core:1.3
2017-06-26 23:07:41,762 [Worker-3] INFO  o.e.m.c.i.embedder.EclipseLogger - Using 'UTF-8' encoding to copy filtered resources.
2017-06-26 23:07:41,779 [Worker-3] INFO  o.e.m.c.i.embedder.EclipseLogger - skip non existing resourceDirectory C:\xampp\htdocs\konferencja-SeleniumTests\pl\src\main\resources
2017-06-26 23:07:41,787 [Worker-3] INFO  o.e.m.c.i.embedder.EclipseLogger - Using 'UTF-8' encoding to copy filtered resources.
2017-06-26 23:07:41,797 [Worker-3] INFO  o.e.m.c.i.embedder.EclipseLogger - skip non existing resourceDirectory C:\xampp\htdocs\konferencja-SeleniumTests\pl\src\test\resources
2017-06-26 23:11:55,384 [Worker-5] INFO  o.e.m.c.i.embedder.EclipseLogger - Using 'UTF-8' encoding to copy filtered resources.
2017-06-26 23:11:55,384 [Worker-5] INFO  o.e.m.c.i.embedder.EclipseLogger - skip non existing resourceDirectory C:\xampp\htdocs\konferencja-SeleniumTests\pl\src\main\resources
2017-06-26 23:11:55,385 [Worker-5] INFO  o.e.m.c.i.embedder.EclipseLogger - Using 'UTF-8' encoding to copy filtered resources.
2017-06-26 23:11:55,389 [Worker-5] INFO  o.e.m.c.i.embedder.EclipseLogger - skip non existing resourceDirectory C:\xampp\htdocs\konferencja-SeleniumTests\pl\src\test\resources
2017-06-26 23:14:25,082 [Worker-13] INFO  o.e.m.c.i.embedder.EclipseLogger - Using 'UTF-8' encoding to copy filtered resources.
2017-06-26 23:14:25,089 [Worker-13] INFO  o.e.m.c.i.embedder.EclipseLogger - skip non existing resourceDirectory C:\xampp\htdocs\konferencja-SeleniumTests\pl\src\main\resources
2017-06-26 23:14:25,099 [Worker-13] INFO  o.e.m.c.i.embedder.EclipseLogger - Using 'UTF-8' encoding to copy filtered resources.
2017-06-26 23:14:25,108 [Worker-13] INFO  o.e.m.c.i.embedder.EclipseLogger - skip non existing resourceDirectory C:\xampp\htdocs\konferencja-SeleniumTests\pl\src\test\resources
2017-06-26 23:14:35,090 [Worker-5] INFO  o.e.m.c.i.embedder.EclipseLogger - Using 'UTF-8' encoding to copy filtered resources.
2017-06-26 23:14:35,090 [Worker-5] INFO  o.e.m.c.i.embedder.EclipseLogger - skip non existing resourceDirectory C:\xampp\htdocs\konferencja-SeleniumTests\pl\src\main\resources
2017-06-26 23:14:35,091 [Worker-5] INFO  o.e.m.c.i.embedder.EclipseLogger - Using 'UTF-8' encoding to copy filtered resources.
2017-06-26 23:14:35,096 [Worker-5] INFO  o.e.m.c.i.embedder.EclipseLogger - skip non existing resourceDirectory C:\xampp\htdocs\konferencja-SeleniumTests\pl\src\test\resources
2017-06-26 23:15:56,693 [Worker-14] INFO  o.e.m.c.i.embedder.EclipseLogger - Using 'UTF-8' encoding to copy filtered resources.
2017-06-26 23:15:56,700 [Worker-14] INFO  o.e.m.c.i.embedder.EclipseLogger - skip non existing resourceDirectory C:\xampp\htdocs\konferencja-SeleniumTests\pl\src\main\resources
2017-06-26 23:15:56,720 [Worker-14] INFO  o.e.m.c.i.embedder.EclipseLogger - Using 'UTF-8' encoding to copy filtered resources.
2017-06-26 23:15:56,724 [Worker-14] INFO  o.e.m.c.i.embedder.EclipseLogger - skip non existing resourceDirectory C:\xampp\htdocs\konferencja-SeleniumTests\pl\src\test\resources
2017-06-26 23:18:57,635 [Worker-12] INFO  o.e.m.c.i.embedder.EclipseLogger - Using 'UTF-8' encoding to copy filtered resources.
2017-06-26 23:18:57,635 [Worker-12] INFO  o.e.m.c.i.embedder.EclipseLogger - skip non existing resourceDirectory C:\xampp\htdocs\konferencja-SeleniumTests\pl\src\main\resources
2017-06-26 23:18:57,637 [Worker-12] INFO  o.e.m.c.i.embedder.EclipseLogger - Using 'UTF-8' encoding to copy filtered resources.
2017-06-26 23:18:57,644 [Worker-12] INFO  o.e.m.c.i.embedder.EclipseLogger - skip non existing resourceDirectory C:\xampp\htdocs\konferencja-SeleniumTests\pl\src\test\resources
2017-06-26 23:20:00,041 [Worker-16] INFO  o.e.m.c.i.embedder.EclipseLogger - Using 'UTF-8' encoding to copy filtered resources.
2017-06-26 23:20:00,046 [Worker-16] INFO  o.e.m.c.i.embedder.EclipseLogger - skip non existing resourceDirectory C:\xampp\htdocs\konferencja-SeleniumTests\pl\src\main\resources
2017-06-26 23:20:00,053 [Worker-16] INFO  o.e.m.c.i.embedder.EclipseLogger - Using 'UTF-8' encoding to copy filtered resources.
2017-06-26 23:20:00,059 [Worker-16] INFO  o.e.m.c.i.embedder.EclipseLogger - skip non existing resourceDirectory C:\xampp\htdocs\konferencja-SeleniumTests\pl\src\test\resources
2017-06-26 23:21:30,163 [Worker-13] INFO  o.e.m.c.i.embedder.EclipseLogger - Using 'UTF-8' encoding to copy filtered resources.
2017-06-26 23:21:30,163 [Worker-13] INFO  o.e.m.c.i.embedder.EclipseLogger - skip non existing resourceDirectory C:\xampp\htdocs\konferencja-SeleniumTests\pl\src\main\resources
2017-06-26 23:21:30,164 [Worker-13] INFO  o.e.m.c.i.embedder.EclipseLogger - Using 'UTF-8' encoding to copy filtered resources.
2017-06-26 23:21:30,171 [Worker-13] INFO  o.e.m.c.i.embedder.EclipseLogger - skip non existing resourceDirectory C:\xampp\htdocs\konferencja-SeleniumTests\pl\src\test\resources
2017-06-26 23:21:42,116 [Worker-14] INFO  o.e.m.c.i.embedder.EclipseLogger - Using 'UTF-8' encoding to copy filtered resources.
2017-06-26 23:21:42,121 [Worker-14] INFO  o.e.m.c.i.embedder.EclipseLogger - skip non existing resourceDirectory C:\xampp\htdocs\konferencja-SeleniumTests\pl\src\main\resources
2017-06-26 23:21:42,126 [Worker-14] INFO  o.e.m.c.i.embedder.EclipseLogger - Using 'UTF-8' encoding to copy filtered resources.
2017-06-26 23:21:42,130 [Worker-14] INFO  o.e.m.c.i.embedder.EclipseLogger - skip non existing resourceDirectory C:\xampp\htdocs\konferencja-SeleniumTests\pl\src\test\resources
2017-06-26 23:21:46,263 [Worker-2] INFO  o.e.m.c.i.embedder.EclipseLogger - Using 'UTF-8' encoding to copy filtered resources.
2017-06-26 23:21:46,263 [Worker-2] INFO  o.e.m.c.i.embedder.EclipseLogger - skip non existing resourceDirectory C:\xampp\htdocs\konferencja-SeleniumTests\pl\src\main\resources
2017-06-26 23:21:46,265 [Worker-2] INFO  o.e.m.c.i.embedder.EclipseLogger - Using 'UTF-8' encoding to copy filtered resources.
2017-06-26 23:21:46,271 [Worker-2] INFO  o.e.m.c.i.embedder.EclipseLogger - skip non existing resourceDirectory C:\xampp\htdocs\konferencja-SeleniumTests\pl\src\test\resources
2017-06-26 23:23:01,884 [Worker-13] INFO  o.e.m.c.i.embedder.EclipseLogger - Using 'UTF-8' encoding to copy filtered resources.
2017-06-26 23:23:01,893 [Worker-13] INFO  o.e.m.c.i.embedder.EclipseLogger - skip non existing resourceDirectory C:\xampp\htdocs\konferencja-SeleniumTests\pl\src\main\resources
2017-06-26 23:23:01,902 [Worker-13] INFO  o.e.m.c.i.embedder.EclipseLogger - Using 'UTF-8' encoding to copy filtered resources.
2017-06-26 23:23:01,910 [Worker-13] INFO  o.e.m.c.i.embedder.EclipseLogger - skip non existing resourceDirectory C:\xampp\htdocs\konferencja-SeleniumTests\pl\src\test\resources
2017-06-26 23:30:42,471 [Worker-14] INFO  o.e.m.c.i.embedder.EclipseLogger - Using 'UTF-8' encoding to copy filtered resources.
2017-06-26 23:30:42,472 [Worker-14] INFO  o.e.m.c.i.embedder.EclipseLogger - skip non existing resourceDirectory C:\xampp\htdocs\konferencja-SeleniumTests\pl\src\main\resources
2017-06-26 23:30:42,474 [Worker-14] INFO  o.e.m.c.i.embedder.EclipseLogger - Using 'UTF-8' encoding to copy filtered resources.
2017-06-26 23:30:42,481 [Worker-14] INFO  o.e.m.c.i.embedder.EclipseLogger - skip non existing resourceDirectory C:\xampp\htdocs\konferencja-SeleniumTests\pl\src\test\resources
2017-06-26 23:31:34,437 [Worker-13] INFO  o.e.m.c.i.embedder.EclipseLogger - Using 'UTF-8' encoding to copy filtered resources.
2017-06-26 23:31:34,442 [Worker-13] INFO  o.e.m.c.i.embedder.EclipseLogger - skip non existing resourceDirectory C:\xampp\htdocs\konferencja-SeleniumTests\pl\src\main\resources
2017-06-26 23:31:34,447 [Worker-13] INFO  o.e.m.c.i.embedder.EclipseLogger - Using 'UTF-8' encoding to copy filtered resources.
2017-06-26 23:31:34,450 [Worker-13] INFO  o.e.m.c.i.embedder.EclipseLogger - skip non existing resourceDirectory C:\xampp\htdocs\konferencja-SeleniumTests\pl\src\test\resources
2017-06-26 23:31:55,012 [Worker-16] INFO  o.e.m.c.i.embedder.EclipseLogger - Using 'UTF-8' encoding to copy filtered resources.
2017-06-26 23:31:55,013 [Worker-16] INFO  o.e.m.c.i.embedder.EclipseLogger - skip non existing resourceDirectory C:\xampp\htdocs\konferencja-SeleniumTests\pl\src\main\resources
2017-06-26 23:31:55,014 [Worker-16] INFO  o.e.m.c.i.embedder.EclipseLogger - Using 'UTF-8' encoding to copy filtered resources.
2017-06-26 23:31:55,021 [Worker-16] INFO  o.e.m.c.i.embedder.EclipseLogger - skip non existing resourceDirectory C:\xampp\htdocs\konferencja-SeleniumTests\pl\src\test\resources
2017-06-26 23:32:16,335 [Worker-13] INFO  o.e.m.c.i.embedder.EclipseLogger - Using 'UTF-8' encoding to copy filtered resources.
2017-06-26 23:32:16,343 [Worker-13] INFO  o.e.m.c.i.embedder.EclipseLogger - skip non existing resourceDirectory C:\xampp\htdocs\konferencja-SeleniumTests\pl\src\main\resources
2017-06-26 23:32:16,351 [Worker-13] INFO  o.e.m.c.i.embedder.EclipseLogger - Using 'UTF-8' encoding to copy filtered resources.
2017-06-26 23:32:16,357 [Worker-13] INFO  o.e.m.c.i.embedder.EclipseLogger - skip non existing resourceDirectory C:\xampp\htdocs\konferencja-SeleniumTests\pl\src\test\resources
2017-06-26 23:38:36,206 [Worker-20] INFO  o.e.m.c.i.embedder.EclipseLogger - Using 'UTF-8' encoding to copy filtered resources.
2017-06-26 23:38:36,207 [Worker-20] INFO  o.e.m.c.i.embedder.EclipseLogger - skip non existing resourceDirectory C:\xampp\htdocs\konferencja-SeleniumTests\pl\src\main\resources
2017-06-26 23:38:36,208 [Worker-20] INFO  o.e.m.c.i.embedder.EclipseLogger - Using 'UTF-8' encoding to copy filtered resources.
2017-06-26 23:38:36,213 [Worker-20] INFO  o.e.m.c.i.embedder.EclipseLogger - skip non existing resourceDirectory C:\xampp\htdocs\konferencja-SeleniumTests\pl\src\test\resources
2017-06-26 23:39:56,160 [Worker-13] INFO  o.e.m.c.i.embedder.EclipseLogger - Using 'UTF-8' encoding to copy filtered resources.
2017-06-26 23:39:56,165 [Worker-13] INFO  o.e.m.c.i.embedder.EclipseLogger - skip non existing resourceDirectory C:\xampp\htdocs\konferencja-SeleniumTests\pl\src\main\resources
2017-06-26 23:39:56,171 [Worker-13] INFO  o.e.m.c.i.embedder.EclipseLogger - Using 'UTF-8' encoding to copy filtered resources.
2017-06-26 23:39:56,176 [Worker-13] INFO  o.e.m.c.i.embedder.EclipseLogger - skip non existing resourceDirectory C:\xampp\htdocs\konferencja-SeleniumTests\pl\src\test\resources
2017-06-26 23:40:07,577 [Worker-17] INFO  o.e.m.c.i.embedder.EclipseLogger - Using 'UTF-8' encoding to copy filtered resources.
2017-06-26 23:40:07,577 [Worker-17] INFO  o.e.m.c.i.embedder.EclipseLogger - skip non existing resourceDirectory C:\xampp\htdocs\konferencja-SeleniumTests\pl\src\main\resources
2017-06-26 23:40:07,578 [Worker-17] INFO  o.e.m.c.i.embedder.EclipseLogger - Using 'UTF-8' encoding to copy filtered resources.
2017-06-26 23:40:07,584 [Worker-17] INFO  o.e.m.c.i.embedder.EclipseLogger - skip non existing resourceDirectory C:\xampp\htdocs\konferencja-SeleniumTests\pl\src\test\resources
2017-06-26 23:40:44,875 [Worker-15] INFO  o.e.m.c.i.embedder.EclipseLogger - Using 'UTF-8' encoding to copy filtered resources.
2017-06-26 23:40:44,882 [Worker-15] INFO  o.e.m.c.i.embedder.EclipseLogger - skip non existing resourceDirectory C:\xampp\htdocs\konferencja-SeleniumTests\pl\src\main\resources
2017-06-26 23:40:44,888 [Worker-15] INFO  o.e.m.c.i.embedder.EclipseLogger - Using 'UTF-8' encoding to copy filtered resources.
2017-06-26 23:40:44,893 [Worker-15] INFO  o.e.m.c.i.embedder.EclipseLogger - skip non existing resourceDirectory C:\xampp\htdocs\konferencja-SeleniumTests\pl\src\test\resources
2017-06-26 23:43:08,960 [Worker-18] INFO  o.e.m.c.i.embedder.EclipseLogger - Using 'UTF-8' encoding to copy filtered resources.
2017-06-26 23:43:08,961 [Worker-18] INFO  o.e.m.c.i.embedder.EclipseLogger - skip non existing resourceDirectory C:\xampp\htdocs\konferencja-SeleniumTests\pl\src\main\resources
2017-06-26 23:43:08,964 [Worker-18] INFO  o.e.m.c.i.embedder.EclipseLogger - Using 'UTF-8' encoding to copy filtered resources.
2017-06-26 23:43:08,975 [Worker-18] INFO  o.e.m.c.i.embedder.EclipseLogger - skip non existing resourceDirectory C:\xampp\htdocs\konferencja-SeleniumTests\pl\src\test\resources
2017-06-27 23:39:58,368 [Worker-32] INFO  o.e.m.c.i.l.LifecycleMappingFactory - Using org.eclipse.m2e.jdt.JarLifecycleMapping lifecycle mapping for MavenProject: konferencja:pl:1.0-SNAPSHOT @ C:\xampp\htdocs\konferencja-SeleniumTests\pl\pom.xml.
2017-06-27 23:39:59,686 [Worker-32] INFO  o.e.m.c.i.e.AbstractTransferListenerAdapter - Downloaded https://repo.maven.apache.org/maven2/org/testng/testng/6.9/testng-6.9.pom
2017-06-27 23:39:59,707 [Worker-32] WARN  o.e.m.c.i.embedder.EclipseLogger - The POM for org.testng:testng:jar:6.9 is missing, no dependency information available
2017-06-27 23:40:00,294 [Worker-32] INFO  o.e.m.c.i.e.AbstractTransferListenerAdapter - Downloaded https://repo.maven.apache.org/maven2/org/testng/testng/6.9/testng-6.9.jar
2017-06-27 23:40:02,938 [Worker-32] INFO  o.e.m.c.i.embedder.EclipseLogger - Using 'UTF-8' encoding to copy filtered resources.
2017-06-27 23:40:02,939 [Worker-32] INFO  o.e.m.c.i.embedder.EclipseLogger - skip non existing resourceDirectory C:\xampp\htdocs\konferencja-SeleniumTests\pl\src\main\resources
2017-06-27 23:40:02,941 [Worker-32] INFO  o.e.m.c.i.embedder.EclipseLogger - Using 'UTF-8' encoding to copy filtered resources.
2017-06-27 23:40:02,941 [Worker-32] INFO  o.e.m.c.i.embedder.EclipseLogger - skip non existing resourceDirectory C:\xampp\htdocs\konferencja-SeleniumTests\pl\src\test\resources
2017-06-27 23:40:18,075 [Worker-31] INFO  o.e.m.c.i.l.LifecycleMappingFactory - Using org.eclipse.m2e.jdt.JarLifecycleMapping lifecycle mapping for MavenProject: konferencja:pl:1.0-SNAPSHOT @ C:\xampp\htdocs\konferencja-SeleniumTests\pl\pom.xml.
2017-06-27 23:40:18,432 [Worker-31] INFO  o.e.m.c.i.embedder.EclipseLogger - Using 'UTF-8' encoding to copy filtered resources.
2017-06-27 23:40:18,432 [Worker-31] INFO  o.e.m.c.i.embedder.EclipseLogger - skip non existing resourceDirectory C:\xampp\htdocs\konferencja-SeleniumTests\pl\src\main\resources
2017-06-27 23:40:18,435 [Worker-31] INFO  o.e.m.c.i.embedder.EclipseLogger - Using 'UTF-8' encoding to copy filtered resources.
2017-06-27 23:40:18,435 [Worker-31] INFO  o.e.m.c.i.embedder.EclipseLogger - skip non existing resourceDirectory C:\xampp\htdocs\konferencja-SeleniumTests\pl\src\test\resources
2017-06-27 23:40:20,041 [Worker-33] INFO  o.e.m.c.i.embedder.EclipseLogger - Using 'UTF-8' encoding to copy filtered resources.
2017-06-27 23:40:20,042 [Worker-33] INFO  o.e.m.c.i.embedder.EclipseLogger - skip non existing resourceDirectory C:\xampp\htdocs\konferencja-SeleniumTests\pl\src\main\resources
2017-06-27 23:40:20,043 [Worker-33] INFO  o.e.m.c.i.embedder.EclipseLogger - Using 'UTF-8' encoding to copy filtered resources.
2017-06-27 23:40:20,074 [Worker-33] INFO  o.e.m.c.i.embedder.EclipseLogger - skip non existing resourceDirectory C:\xampp\htdocs\konferencja-SeleniumTests\pl\src\test\resources
2017-06-27 23:43:43,866 [Worker-31] INFO  o.e.m.c.i.embedder.EclipseLogger - Using 'UTF-8' encoding to copy filtered resources.
2017-06-27 23:43:43,866 [Worker-31] INFO  o.e.m.c.i.embedder.EclipseLogger - skip non existing resourceDirectory C:\xampp\htdocs\konferencja-SeleniumTests\pl\src\main\resources
2017-06-27 23:43:43,868 [Worker-31] INFO  o.e.m.c.i.embedder.EclipseLogger - Using 'UTF-8' encoding to copy filtered resources.
2017-06-27 23:43:43,874 [Worker-31] INFO  o.e.m.c.i.embedder.EclipseLogger - skip non existing resourceDirectory C:\xampp\htdocs\konferencja-SeleniumTests\pl\src\test\resources
2017-06-27 23:45:38,809 [Worker-33] INFO  o.e.m.c.i.embedder.EclipseLogger - Using 'UTF-8' encoding to copy filtered resources.
2017-06-27 23:45:38,818 [Worker-33] INFO  o.e.m.c.i.embedder.EclipseLogger - skip non existing resourceDirectory C:\xampp\htdocs\konferencja-SeleniumTests\pl\src\main\resources
2017-06-27 23:45:38,828 [Worker-33] INFO  o.e.m.c.i.embedder.EclipseLogger - Using 'UTF-8' encoding to copy filtered resources.
2017-06-27 23:45:38,835 [Worker-33] INFO  o.e.m.c.i.embedder.EclipseLogger - skip non existing resourceDirectory C:\xampp\htdocs\konferencja-SeleniumTests\pl\src\test\resources
2017-06-27 23:47:41,952 [Worker-34] INFO  o.e.m.c.i.l.LifecycleMappingFactory - Using org.eclipse.m2e.jdt.JarLifecycleMapping lifecycle mapping for MavenProject: konferencja:pl:1.0-SNAPSHOT @ C:\xampp\htdocs\konferencja-SeleniumTests\pl\pom.xml.
2017-06-27 23:47:43,744 [Worker-34] INFO  o.e.m.c.i.e.AbstractTransferListenerAdapter - Downloading https://repo.maven.apache.org/maven2/org/seleniumhq/selenium/selenium-firefox-driver/2.42.2/selenium-firefox-driver-2.42.2.jar
2017-06-27 23:47:44,668 [Worker-34] INFO  o.e.m.c.i.e.AbstractTransferListenerAdapter - Downloaded https://repo.maven.apache.org/maven2/org/seleniumhq/selenium/selenium-firefox-driver/2.42.2/selenium-firefox-driver-2.42.2.jar
2017-06-27 23:47:45,256 [Worker-34] INFO  o.e.m.c.i.embedder.EclipseLogger - Using 'UTF-8' encoding to copy filtered resources.
2017-06-27 23:47:45,261 [Worker-34] INFO  o.e.m.c.i.embedder.EclipseLogger - skip non existing resourceDirectory C:\xampp\htdocs\konferencja-SeleniumTests\pl\src\main\resources
2017-06-27 23:47:45,268 [Worker-34] INFO  o.e.m.c.i.embedder.EclipseLogger - Using 'UTF-8' encoding to copy filtered resources.
2017-06-27 23:47:45,268 [Worker-34] INFO  o.e.m.c.i.embedder.EclipseLogger - skip non existing resourceDirectory C:\xampp\htdocs\konferencja-SeleniumTests\pl\src\test\resources
2017-06-27 23:47:48,567 [Worker-36] INFO  o.e.m.c.i.embedder.EclipseLogger - Using 'UTF-8' encoding to copy filtered resources.
2017-06-27 23:47:48,568 [Worker-36] INFO  o.e.m.c.i.embedder.EclipseLogger - skip non existing resourceDirectory C:\xampp\htdocs\konferencja-SeleniumTests\pl\src\main\resources
2017-06-27 23:47:48,569 [Worker-36] INFO  o.e.m.c.i.embedder.EclipseLogger - Using 'UTF-8' encoding to copy filtered resources.
2017-06-27 23:47:48,569 [Worker-36] INFO  o.e.m.c.i.embedder.EclipseLogger - skip non existing resourceDirectory C:\xampp\htdocs\konferencja-SeleniumTests\pl\src\test\resources
2017-06-27 23:57:06,779 [Worker-36] INFO  o.e.m.c.i.embedder.EclipseLogger - Using 'UTF-8' encoding to copy filtered resources.
2017-06-27 23:57:06,795 [Worker-36] INFO  o.e.m.c.i.embedder.EclipseLogger - skip non existing resourceDirectory C:\xampp\htdocs\konferencja-SeleniumTests\pl\src\main\resources
2017-06-27 23:57:06,801 [Worker-36] INFO  o.e.m.c.i.embedder.EclipseLogger - Using 'UTF-8' encoding to copy filtered resources.
2017-06-27 23:57:06,801 [Worker-36] INFO  o.e.m.c.i.embedder.EclipseLogger - skip non existing resourceDirectory C:\xampp\htdocs\konferencja-SeleniumTests\pl\src\test\resources
2017-06-27 23:57:19,123 [Worker-36] INFO  o.e.m.c.i.embedder.EclipseLogger - Using 'UTF-8' encoding to copy filtered resources.
2017-06-27 23:57:19,123 [Worker-36] INFO  o.e.m.c.i.embedder.EclipseLogger - skip non existing resourceDirectory C:\xampp\htdocs\konferencja-SeleniumTests\pl\src\main\resources
2017-06-27 23:57:19,125 [Worker-36] INFO  o.e.m.c.i.embedder.EclipseLogger - Using 'UTF-8' encoding to copy filtered resources.
2017-06-27 23:57:19,125 [Worker-36] INFO  o.e.m.c.i.embedder.EclipseLogger - skip non existing resourceDirectory C:\xampp\htdocs\konferencja-SeleniumTests\pl\src\test\resources
2017-06-28 00:00:01,473 [Worker-47] INFO  o.e.m.c.i.embedder.EclipseLogger - Using 'UTF-8' encoding to copy filtered resources.
2017-06-28 00:00:01,496 [Worker-47] INFO  o.e.m.c.i.embedder.EclipseLogger - skip non existing resourceDirectory C:\xampp\htdocs\konferencja-SeleniumTests\pl\src\main\resources
2017-06-28 00:00:01,502 [Worker-47] INFO  o.e.m.c.i.embedder.EclipseLogger - Using 'UTF-8' encoding to copy filtered resources.
2017-06-28 00:00:01,503 [Worker-47] INFO  o.e.m.c.i.embedder.EclipseLogger - skip non existing resourceDirectory C:\xampp\htdocs\konferencja-SeleniumTests\pl\src\test\resources
2017-06-28 22:42:05,131 [Worker-16] INFO  o.e.m.c.i.embedder.EclipseLogger - Using 'UTF-8' encoding to copy filtered resources.
2017-06-28 22:42:05,161 [Worker-16] INFO  o.e.m.c.i.embedder.EclipseLogger - skip non existing resourceDirectory C:\xampp\htdocs\konferencja-SeleniumTests\pl\src\main\resources
2017-06-28 22:42:05,165 [Worker-16] INFO  o.e.m.c.i.embedder.EclipseLogger - Using 'UTF-8' encoding to copy filtered resources.
2017-06-28 22:42:05,165 [Worker-16] INFO  o.e.m.c.i.embedder.EclipseLogger - skip non existing resourceDirectory C:\xampp\htdocs\konferencja-SeleniumTests\pl\src\test\resources
2017-06-28 22:43:09,231 [Worker-16] INFO  o.e.m.c.i.embedder.EclipseLogger - Using 'UTF-8' encoding to copy filtered resources.
2017-06-28 22:43:09,231 [Worker-16] INFO  o.e.m.c.i.embedder.EclipseLogger - skip non existing resourceDirectory C:\xampp\htdocs\konferencja-SeleniumTests\pl\src\main\resources
2017-06-28 22:43:09,233 [Worker-16] INFO  o.e.m.c.i.embedder.EclipseLogger - Using 'UTF-8' encoding to copy filtered resources.
2017-06-28 22:43:09,233 [Worker-16] INFO  o.e.m.c.i.embedder.EclipseLogger - skip non existing resourceDirectory C:\xampp\htdocs\konferencja-SeleniumTests\pl\src\test\resources
2017-06-28 22:47:41,712 [Worker-27] INFO  o.e.m.c.i.embedder.EclipseLogger - Using 'UTF-8' encoding to copy filtered resources.
2017-06-28 22:47:41,713 [Worker-27] INFO  o.e.m.c.i.embedder.EclipseLogger - skip non existing resourceDirectory C:\xampp\htdocs\konferencja-SeleniumTests\pl\src\main\resources
2017-06-28 22:47:41,714 [Worker-27] INFO  o.e.m.c.i.embedder.EclipseLogger - Using 'UTF-8' encoding to copy filtered resources.
2017-06-28 22:47:41,715 [Worker-27] INFO  o.e.m.c.i.embedder.EclipseLogger - skip non existing resourceDirectory C:\xampp\htdocs\konferencja-SeleniumTests\pl\src\test\resources
2017-06-28 22:47:52,673 [Worker-28] INFO  o.e.m.c.i.embedder.EclipseLogger - Using 'UTF-8' encoding to copy filtered resources.
2017-06-28 22:47:52,673 [Worker-28] INFO  o.e.m.c.i.embedder.EclipseLogger - skip non existing resourceDirectory C:\xampp\htdocs\konferencja-SeleniumTests\pl\src\main\resources
2017-06-28 22:47:52,675 [Worker-28] INFO  o.e.m.c.i.embedder.EclipseLogger - Using 'UTF-8' encoding to copy filtered resources.
2017-06-28 22:47:52,675 [Worker-28] INFO  o.e.m.c.i.embedder.EclipseLogger - skip non existing resourceDirectory C:\xampp\htdocs\konferencja-SeleniumTests\pl\src\test\resources
2017-06-28 22:48:02,938 [Worker-27] INFO  o.e.m.c.i.embedder.EclipseLogger - Using 'UTF-8' encoding to copy filtered resources.
2017-06-28 22:48:02,938 [Worker-27] INFO  o.e.m.c.i.embedder.EclipseLogger - skip non existing resourceDirectory C:\xampp\htdocs\konferencja-SeleniumTests\pl\src\main\resources
2017-06-28 22:48:02,939 [Worker-27] INFO  o.e.m.c.i.embedder.EclipseLogger - Using 'UTF-8' encoding to copy filtered resources.
2017-06-28 22:48:02,940 [Worker-27] INFO  o.e.m.c.i.embedder.EclipseLogger - skip non existing resourceDirectory C:\xampp\htdocs\konferencja-SeleniumTests\pl\src\test\resources
2017-06-28 22:48:59,464 [Worker-21] INFO  o.e.m.c.i.embedder.EclipseLogger - Using 'UTF-8' encoding to copy filtered resources.
2017-06-28 22:48:59,477 [Worker-21] INFO  o.e.m.c.i.embedder.EclipseLogger - skip non existing resourceDirectory C:\xampp\htdocs\konferencja-SeleniumTests\pl\src\main\resources
2017-06-28 22:48:59,483 [Worker-21] INFO  o.e.m.c.i.embedder.EclipseLogger - Using 'UTF-8' encoding to copy filtered resources.
2017-06-28 22:48:59,483 [Worker-21] INFO  o.e.m.c.i.embedder.EclipseLogger - skip non existing resourceDirectory C:\xampp\htdocs\konferencja-SeleniumTests\pl\src\test\resources
2017-06-28 22:51:00,566 [Worker-29] INFO  o.e.m.c.i.embedder.EclipseLogger - Using 'UTF-8' encoding to copy filtered resources.
2017-06-28 22:51:00,566 [Worker-29] INFO  o.e.m.c.i.embedder.EclipseLogger - skip non existing resourceDirectory C:\xampp\htdocs\konferencja-SeleniumTests\pl\src\main\resources
2017-06-28 22:51:00,567 [Worker-29] INFO  o.e.m.c.i.embedder.EclipseLogger - Using 'UTF-8' encoding to copy filtered resources.
2017-06-28 22:51:00,567 [Worker-29] INFO  o.e.m.c.i.embedder.EclipseLogger - skip non existing resourceDirectory C:\xampp\htdocs\konferencja-SeleniumTests\pl\src\test\resources
2017-06-28 22:53:41,351 [Worker-28] INFO  o.e.m.c.i.embedder.EclipseLogger - Using 'UTF-8' encoding to copy filtered resources.
2017-06-28 22:53:41,368 [Worker-28] INFO  o.e.m.c.i.embedder.EclipseLogger - skip non existing resourceDirectory C:\xampp\htdocs\konferencja-SeleniumTests\pl\src\main\resources
2017-06-28 22:53:41,374 [Worker-28] INFO  o.e.m.c.i.embedder.EclipseLogger - Using 'UTF-8' encoding to copy filtered resources.
2017-06-28 22:53:41,374 [Worker-28] INFO  o.e.m.c.i.embedder.EclipseLogger - skip non existing resourceDirectory C:\xampp\htdocs\konferencja-SeleniumTests\pl\src\test\resources
2017-06-28 22:54:03,095 [Worker-29] INFO  o.e.m.c.i.embedder.EclipseLogger - Using 'UTF-8' encoding to copy filtered resources.
2017-06-28 22:54:03,095 [Worker-29] INFO  o.e.m.c.i.embedder.EclipseLogger - skip non existing resourceDirectory C:\xampp\htdocs\konferencja-SeleniumTests\pl\src\main\resources
2017-06-28 22:54:03,096 [Worker-29] INFO  o.e.m.c.i.embedder.EclipseLogger - Using 'UTF-8' encoding to copy filtered resources.
2017-06-28 22:54:03,097 [Worker-29] INFO  o.e.m.c.i.embedder.EclipseLogger - skip non existing resourceDirectory C:\xampp\htdocs\konferencja-SeleniumTests\pl\src\test\resources
2017-06-28 22:57:57,569 [Worker-31] INFO  o.e.m.c.i.embedder.EclipseLogger - Using 'UTF-8' encoding to copy filtered resources.
2017-06-28 22:57:57,570 [Worker-31] INFO  o.e.m.c.i.embedder.EclipseLogger - skip non existing resourceDirectory C:\xampp\htdocs\konferencja-SeleniumTests\pl\src\main\resources
2017-06-28 22:57:57,576 [Worker-31] INFO  o.e.m.c.i.embedder.EclipseLogger - Using 'UTF-8' encoding to copy filtered resources.
2017-06-28 22:57:57,576 [Worker-31] INFO  o.e.m.c.i.embedder.EclipseLogger - skip non existing resourceDirectory C:\xampp\htdocs\konferencja-SeleniumTests\pl\src\test\resources
2017-06-28 23:03:16,165 [Worker-38] INFO  o.e.m.c.i.embedder.EclipseLogger - Using 'UTF-8' encoding to copy filtered resources.
2017-06-28 23:03:16,165 [Worker-38] INFO  o.e.m.c.i.embedder.EclipseLogger - skip non existing resourceDirectory C:\xampp\htdocs\konferencja-SeleniumTests\pl\src\main\resources
2017-06-28 23:03:16,166 [Worker-38] INFO  o.e.m.c.i.embedder.EclipseLogger - Using 'UTF-8' encoding to copy filtered resources.
2017-06-28 23:03:16,167 [Worker-38] INFO  o.e.m.c.i.embedder.EclipseLogger - skip non existing resourceDirectory C:\xampp\htdocs\konferencja-SeleniumTests\pl\src\test\resources
2017-06-28 23:07:00,806 [Worker-43] INFO  o.e.m.c.i.embedder.EclipseLogger - Using 'UTF-8' encoding to copy filtered resources.
2017-06-28 23:07:00,863 [Worker-43] INFO  o.e.m.c.i.embedder.EclipseLogger - skip non existing resourceDirectory C:\xampp\htdocs\konferencja-SeleniumTests\pl\src\main\resources
2017-06-28 23:07:00,869 [Worker-43] INFO  o.e.m.c.i.embedder.EclipseLogger - Using 'UTF-8' encoding to copy filtered resources.
2017-06-28 23:07:00,870 [Worker-43] INFO  o.e.m.c.i.embedder.EclipseLogger - skip non existing resourceDirectory C:\xampp\htdocs\konferencja-SeleniumTests\pl\src\test\resources
2017-06-28 23:08:15,865 [Worker-45] INFO  o.e.m.c.i.embedder.EclipseLogger - Using 'UTF-8' encoding to copy filtered resources.
2017-06-28 23:08:15,865 [Worker-45] INFO  o.e.m.c.i.embedder.EclipseLogger - skip non existing resourceDirectory C:\xampp\htdocs\konferencja-SeleniumTests\pl\src\main\resources
2017-06-28 23:08:15,867 [Worker-45] INFO  o.e.m.c.i.embedder.EclipseLogger - Using 'UTF-8' encoding to copy filtered resources.
2017-06-28 23:08:15,867 [Worker-45] INFO  o.e.m.c.i.embedder.EclipseLogger - skip non existing resourceDirectory C:\xampp\htdocs\konferencja-SeleniumTests\pl\src\test\resources
2017-06-28 23:17:40,460 [Worker-52] INFO  o.e.m.c.i.embedder.EclipseLogger - Using 'UTF-8' encoding to copy filtered resources.
2017-06-28 23:17:40,485 [Worker-52] INFO  o.e.m.c.i.embedder.EclipseLogger - skip non existing resourceDirectory C:\xampp\htdocs\konferencja-SeleniumTests\pl\src\main\resources
2017-06-28 23:17:40,493 [Worker-52] INFO  o.e.m.c.i.embedder.EclipseLogger - Using 'UTF-8' encoding to copy filtered resources.
2017-06-28 23:17:40,493 [Worker-52] INFO  o.e.m.c.i.embedder.EclipseLogger - skip non existing resourceDirectory C:\xampp\htdocs\konferencja-SeleniumTests\pl\src\test\resources
2017-06-28 23:21:48,267 [Worker-50] INFO  o.e.m.c.i.embedder.EclipseLogger - Using 'UTF-8' encoding to copy filtered resources.
2017-06-28 23:21:48,268 [Worker-50] INFO  o.e.m.c.i.embedder.EclipseLogger - skip non existing resourceDirectory C:\xampp\htdocs\konferencja-SeleniumTests\pl\src\main\resources
2017-06-28 23:21:48,269 [Worker-50] INFO  o.e.m.c.i.embedder.EclipseLogger - Using 'UTF-8' encoding to copy filtered resources.
2017-06-28 23:21:48,270 [Worker-50] INFO  o.e.m.c.i.embedder.EclipseLogger - skip non existing resourceDirectory C:\xampp\htdocs\konferencja-SeleniumTests\pl\src\test\resources
2017-06-28 23:37:23,295 [Worker-61] INFO  o.e.m.c.i.embedder.EclipseLogger - Using 'UTF-8' encoding to copy filtered resources.
2017-06-28 23:37:23,316 [Worker-61] INFO  o.e.m.c.i.embedder.EclipseLogger - skip non existing resourceDirectory C:\xampp\htdocs\konferencja-SeleniumTests\pl\src\main\resources
2017-06-28 23:37:23,322 [Worker-61] INFO  o.e.m.c.i.embedder.EclipseLogger - Using 'UTF-8' encoding to copy filtered resources.
2017-06-28 23:37:23,322 [Worker-61] INFO  o.e.m.c.i.embedder.EclipseLogger - skip non existing resourceDirectory C:\xampp\htdocs\konferencja-SeleniumTests\pl\src\test\resources
2017-06-28 23:39:30,572 [Worker-60] INFO  o.e.m.c.i.embedder.EclipseLogger - Using 'UTF-8' encoding to copy filtered resources.
2017-06-28 23:39:30,572 [Worker-60] INFO  o.e.m.c.i.embedder.EclipseLogger - skip non existing resourceDirectory C:\xampp\htdocs\konferencja-SeleniumTests\pl\src\main\resources
2017-06-28 23:39:30,574 [Worker-60] INFO  o.e.m.c.i.embedder.EclipseLogger - Using 'UTF-8' encoding to copy filtered resources.
2017-06-28 23:39:30,574 [Worker-60] INFO  o.e.m.c.i.embedder.EclipseLogger - skip non existing resourceDirectory C:\xampp\htdocs\konferencja-SeleniumTests\pl\src\test\resources
2017-06-28 23:40:11,066 [Worker-61] INFO  o.e.m.c.i.embedder.EclipseLogger - Using 'UTF-8' encoding to copy filtered resources.
2017-06-28 23:40:11,074 [Worker-61] INFO  o.e.m.c.i.embedder.EclipseLogger - skip non existing resourceDirectory C:\xampp\htdocs\konferencja-SeleniumTests\pl\src\main\resources
2017-06-28 23:40:11,081 [Worker-61] INFO  o.e.m.c.i.embedder.EclipseLogger - Using 'UTF-8' encoding to copy filtered resources.
2017-06-28 23:40:11,081 [Worker-61] INFO  o.e.m.c.i.embedder.EclipseLogger - skip non existing resourceDirectory C:\xampp\htdocs\konferencja-SeleniumTests\pl\src\test\resources
2017-06-28 23:41:24,477 [Worker-58] INFO  o.e.m.c.i.embedder.EclipseLogger - Using 'UTF-8' encoding to copy filtered resources.
2017-06-28 23:41:24,477 [Worker-58] INFO  o.e.m.c.i.embedder.EclipseLogger - skip non existing resourceDirectory C:\xampp\htdocs\konferencja-SeleniumTests\pl\src\main\resources
2017-06-28 23:41:24,478 [Worker-58] INFO  o.e.m.c.i.embedder.EclipseLogger - Using 'UTF-8' encoding to copy filtered resources.
2017-06-28 23:41:24,478 [Worker-58] INFO  o.e.m.c.i.embedder.EclipseLogger - skip non existing resourceDirectory C:\xampp\htdocs\konferencja-SeleniumTests\pl\src\test\resources
2017-06-28 23:42:10,277 [Worker-56] INFO  o.e.m.c.i.embedder.EclipseLogger - Using 'UTF-8' encoding to copy filtered resources.
2017-06-28 23:42:10,307 [Worker-56] INFO  o.e.m.c.i.embedder.EclipseLogger - skip non existing resourceDirectory C:\xampp\htdocs\konferencja-SeleniumTests\pl\src\main\resources
2017-06-28 23:42:10,314 [Worker-56] INFO  o.e.m.c.i.embedder.EclipseLogger - Using 'UTF-8' encoding to copy filtered resources.
2017-06-28 23:42:10,314 [Worker-56] INFO  o.e.m.c.i.embedder.EclipseLogger - skip non existing resourceDirectory C:\xampp\htdocs\konferencja-SeleniumTests\pl\src\test\resources
2017-06-30 18:50:20,956 [Worker-12] INFO  o.e.m.c.i.embedder.EclipseLogger - Using 'UTF-8' encoding to copy filtered resources.
2017-06-30 18:50:20,976 [Worker-12] INFO  o.e.m.c.i.embedder.EclipseLogger - skip non existing resourceDirectory C:\xampp\htdocs\konferencja-SeleniumTests\pl\src\main\resources
2017-06-30 18:50:20,978 [Worker-12] INFO  o.e.m.c.i.embedder.EclipseLogger - Using 'UTF-8' encoding to copy filtered resources.
2017-06-30 18:50:20,979 [Worker-12] INFO  o.e.m.c.i.embedder.EclipseLogger - skip non existing resourceDirectory C:\xampp\htdocs\konferencja-SeleniumTests\pl\src\test\resources
2017-06-30 18:51:57,178 [Worker-11] INFO  o.e.m.c.i.embedder.EclipseLogger - Using 'UTF-8' encoding to copy filtered resources.
2017-06-30 18:51:57,179 [Worker-11] INFO  o.e.m.c.i.embedder.EclipseLogger - skip non existing resourceDirectory C:\xampp\htdocs\konferencja-SeleniumTests\pl\src\main\resources
2017-06-30 18:51:57,181 [Worker-11] INFO  o.e.m.c.i.embedder.EclipseLogger - Using 'UTF-8' encoding to copy filtered resources.
2017-06-30 18:51:57,182 [Worker-11] INFO  o.e.m.c.i.embedder.EclipseLogger - skip non existing resourceDirectory C:\xampp\htdocs\konferencja-SeleniumTests\pl\src\test\resources
2017-06-30 20:08:45,075 [Worker-42] INFO  o.e.m.c.i.embedder.EclipseLogger - Using 'UTF-8' encoding to copy filtered resources.
2017-06-30 20:08:45,076 [Worker-42] INFO  o.e.m.c.i.embedder.EclipseLogger - skip non existing resourceDirectory C:\xampp\htdocs\konferencja-SeleniumTests\pl\src\main\resources
2017-06-30 20:08:45,078 [Worker-42] INFO  o.e.m.c.i.embedder.EclipseLogger - Using 'UTF-8' encoding to copy filtered resources.
2017-06-30 20:08:45,078 [Worker-42] INFO  o.e.m.c.i.embedder.EclipseLogger - skip non existing resourceDirectory C:\xampp\htdocs\konferencja-SeleniumTests\pl\src\test\resources
2017-06-30 20:14:10,257 [Worker-45] INFO  o.e.m.c.i.embedder.EclipseLogger - Using 'UTF-8' encoding to copy filtered resources.
2017-06-30 20:14:10,258 [Worker-45] INFO  o.e.m.c.i.embedder.EclipseLogger - skip non existing resourceDirectory C:\xampp\htdocs\konferencja-SeleniumTests\pl\src\main\resources
2017-06-30 20:14:10,259 [Worker-45] INFO  o.e.m.c.i.embedder.EclipseLogger - Using 'UTF-8' encoding to copy filtered resources.
2017-06-30 20:14:10,260 [Worker-45] INFO  o.e.m.c.i.embedder.EclipseLogger - skip non existing resourceDirectory C:\xampp\htdocs\konferencja-SeleniumTests\pl\src\test\resources
2017-06-30 20:18:16,093 [Worker-49] INFO  o.e.m.c.i.e.AbstractTransferListenerAdapter - Downloading https://repo.maven.apache.org/maven2/org/seleniumhq/selenium/selenium-remote-driver/3.4.0/selenium-remote-driver-3.4.0-sources.jar
2017-06-30 20:18:16,442 [Worker-49] INFO  o.e.m.c.i.e.AbstractTransferListenerAdapter - Downloaded https://repo.maven.apache.org/maven2/org/seleniumhq/selenium/selenium-remote-driver/3.4.0/selenium-remote-driver-3.4.0-sources.jar
2017-06-30 20:18:17,026 [Worker-49] INFO  o.e.m.j.internal.DownloadSourcesJob - Downloaded sources for org.seleniumhq.selenium:selenium-remote-driver:3.4.0
2017-06-30 20:18:17,304 [Worker-51] INFO  o.e.m.c.i.embedder.EclipseLogger - Using 'UTF-8' encoding to copy filtered resources.
2017-06-30 20:18:17,329 [Worker-51] INFO  o.e.m.c.i.embedder.EclipseLogger - skip non existing resourceDirectory C:\xampp\htdocs\konferencja-SeleniumTests\pl\src\main\resources
2017-06-30 20:18:17,336 [Worker-51] INFO  o.e.m.c.i.embedder.EclipseLogger - Using 'UTF-8' encoding to copy filtered resources.
2017-06-30 20:18:17,343 [Worker-51] INFO  o.e.m.c.i.embedder.EclipseLogger - skip non existing resourceDirectory C:\xampp\htdocs\konferencja-SeleniumTests\pl\src\test\resources
2017-06-30 20:24:21,314 [Worker-53] ERROR o.e.m.c.i.URLConnectionCaches - Unexpected URLConnection defaultUseCaches enabled
2017-06-30 20:24:21,356 [Worker-53] INFO  o.e.m.c.i.embedder.EclipseLogger - Using 'UTF-8' encoding to copy filtered resources.
2017-06-30 20:24:21,361 [Worker-53] INFO  o.e.m.c.i.embedder.EclipseLogger - skip non existing resourceDirectory C:\xampp\htdocs\konferencja-SeleniumTests\pl\src\main\resources
2017-06-30 20:24:21,366 [Worker-53] INFO  o.e.m.c.i.embedder.EclipseLogger - Using 'UTF-8' encoding to copy filtered resources.
2017-06-30 20:24:21,366 [Worker-53] INFO  o.e.m.c.i.embedder.EclipseLogger - skip non existing resourceDirectory C:\xampp\htdocs\konferencja-SeleniumTests\pl\src\test\resources
2017-06-30 20:24:47,356 [Worker-53] ERROR o.e.m.c.i.URLConnectionCaches - Unexpected URLConnection defaultUseCaches enabled
2017-06-30 20:24:47,365 [Worker-53] INFO  o.e.m.c.i.embedder.EclipseLogger - Using 'UTF-8' encoding to copy filtered resources.
2017-06-30 20:24:47,365 [Worker-53] INFO  o.e.m.c.i.embedder.EclipseLogger - skip non existing resourceDirectory C:\xampp\htdocs\konferencja-SeleniumTests\pl\src\main\resources
2017-06-30 20:24:47,366 [Worker-53] INFO  o.e.m.c.i.embedder.EclipseLogger - Using 'UTF-8' encoding to copy filtered resources.
2017-06-30 20:24:47,372 [Worker-53] INFO  o.e.m.c.i.embedder.EclipseLogger - skip non existing resourceDirectory C:\xampp\htdocs\konferencja-SeleniumTests\pl\src\test\resources
2017-06-30 20:31:56,925 [Worker-53] ERROR o.e.m.c.i.URLConnectionCaches - Unexpected URLConnection defaultUseCaches enabled
2017-06-30 20:31:56,974 [Worker-53] INFO  o.e.m.c.i.embedder.EclipseLogger - Using 'UTF-8' encoding to copy filtered resources.
2017-06-30 20:31:56,979 [Worker-53] INFO  o.e.m.c.i.embedder.EclipseLogger - skip non existing resourceDirectory C:\xampp\htdocs\konferencja-SeleniumTests\pl\src\main\resources
2017-06-30 20:31:56,986 [Worker-53] INFO  o.e.m.c.i.embedder.EclipseLogger - Using 'UTF-8' encoding to copy filtered resources.
2017-06-30 20:31:56,986 [Worker-53] INFO  o.e.m.c.i.embedder.EclipseLogger - skip non existing resourceDirectory C:\xampp\htdocs\konferencja-SeleniumTests\pl\src\test\resources
2017-06-30 20:32:10,442 [Worker-56] ERROR o.e.m.c.i.URLConnectionCaches - Unexpected URLConnection defaultUseCaches enabled
2017-06-30 20:32:10,458 [Worker-56] INFO  o.e.m.c.i.embedder.EclipseLogger - Using 'UTF-8' encoding to copy filtered resources.
2017-06-30 20:32:10,465 [Worker-56] INFO  o.e.m.c.i.embedder.EclipseLogger - skip non existing resourceDirectory C:\xampp\htdocs\konferencja-SeleniumTests\pl\src\main\resources
2017-06-30 20:32:10,471 [Worker-56] INFO  o.e.m.c.i.embedder.EclipseLogger - Using 'UTF-8' encoding to copy filtered resources.
2017-06-30 20:32:10,475 [Worker-56] INFO  o.e.m.c.i.embedder.EclipseLogger - skip non existing resourceDirectory C:\xampp\htdocs\konferencja-SeleniumTests\pl\src\test\resources
2017-06-30 20:34:51,926 [Worker-50] ERROR o.e.m.c.i.URLConnectionCaches - Unexpected URLConnection defaultUseCaches enabled
2017-06-30 20:34:51,967 [Worker-50] INFO  o.e.m.c.i.embedder.EclipseLogger - Using 'UTF-8' encoding to copy filtered resources.
2017-06-30 20:34:51,976 [Worker-50] INFO  o.e.m.c.i.embedder.EclipseLogger - skip non existing resourceDirectory C:\xampp\htdocs\konferencja-SeleniumTests\pl\src\main\resources
2017-06-30 20:34:51,982 [Worker-50] INFO  o.e.m.c.i.embedder.EclipseLogger - Using 'UTF-8' encoding to copy filtered resources.
2017-06-30 20:34:51,983 [Worker-50] INFO  o.e.m.c.i.embedder.EclipseLogger - skip non existing resourceDirectory C:\xampp\htdocs\konferencja-SeleniumTests\pl\src\test\resources
2017-06-30 20:36:30,439 [Worker-56] ERROR o.e.m.c.i.URLConnectionCaches - Unexpected URLConnection defaultUseCaches enabled
2017-06-30 20:36:30,449 [Worker-56] INFO  o.e.m.c.i.embedder.EclipseLogger - Using 'UTF-8' encoding to copy filtered resources.
2017-06-30 20:36:30,450 [Worker-56] INFO  o.e.m.c.i.embedder.EclipseLogger - skip non existing resourceDirectory C:\xampp\htdocs\konferencja-SeleniumTests\pl\src\main\resources
2017-06-30 20:36:30,451 [Worker-56] INFO  o.e.m.c.i.embedder.EclipseLogger - Using 'UTF-8' encoding to copy filtered resources.
2017-06-30 20:36:30,451 [Worker-56] INFO  o.e.m.c.i.embedder.EclipseLogger - skip non existing resourceDirectory C:\xampp\htdocs\konferencja-SeleniumTests\pl\src\test\resources
2017-06-30 20:47:21,547 [Worker-57] ERROR o.e.m.c.i.URLConnectionCaches - Unexpected URLConnection defaultUseCaches enabled
2017-06-30 20:47:21,559 [Worker-57] INFO  o.e.m.c.i.embedder.EclipseLogger - Using 'UTF-8' encoding to copy filtered resources.
2017-06-30 20:47:21,559 [Worker-57] INFO  o.e.m.c.i.embedder.EclipseLogger - skip non existing resourceDirectory C:\xampp\htdocs\konferencja-SeleniumTests\pl\src\main\resources
2017-06-30 20:47:21,618 [Worker-57] INFO  o.e.m.c.i.embedder.EclipseLogger - Using 'UTF-8' encoding to copy filtered resources.
2017-06-30 20:47:21,619 [Worker-57] INFO  o.e.m.c.i.embedder.EclipseLogger - skip non existing resourceDirectory C:\xampp\htdocs\konferencja-SeleniumTests\pl\src\test\resources
2017-06-30 20:48:43,574 [Worker-54] ERROR o.e.m.c.i.URLConnectionCaches - Unexpected URLConnection defaultUseCaches enabled
2017-06-30 20:48:43,670 [Worker-54] INFO  o.e.m.c.i.embedder.EclipseLogger - Using 'UTF-8' encoding to copy filtered resources.
2017-06-30 20:48:43,724 [Worker-54] INFO  o.e.m.c.i.embedder.EclipseLogger - skip non existing resourceDirectory C:\xampp\htdocs\konferencja-SeleniumTests\pl\src\main\resources
2017-06-30 20:48:43,737 [Worker-54] INFO  o.e.m.c.i.embedder.EclipseLogger - Using 'UTF-8' encoding to copy filtered resources.
2017-06-30 20:48:43,749 [Worker-54] INFO  o.e.m.c.i.embedder.EclipseLogger - skip non existing resourceDirectory C:\xampp\htdocs\konferencja-SeleniumTests\pl\src\test\resources
2017-06-30 20:51:25,103 [Worker-53] ERROR o.e.m.c.i.URLConnectionCaches - Unexpected URLConnection defaultUseCaches enabled
2017-06-30 20:51:25,274 [Worker-53] INFO  o.e.m.c.i.embedder.EclipseLogger - Using 'UTF-8' encoding to copy filtered resources.
2017-06-30 20:51:25,280 [Worker-53] INFO  o.e.m.c.i.embedder.EclipseLogger - skip non existing resourceDirectory C:\xampp\htdocs\konferencja-SeleniumTests\pl\src\main\resources
2017-06-30 20:51:25,286 [Worker-53] INFO  o.e.m.c.i.embedder.EclipseLogger - Using 'UTF-8' encoding to copy filtered resources.
2017-06-30 20:51:25,286 [Worker-53] INFO  o.e.m.c.i.embedder.EclipseLogger - skip non existing resourceDirectory C:\xampp\htdocs\konferencja-SeleniumTests\pl\src\test\resources
2017-06-30 20:54:44,570 [Worker-67] ERROR o.e.m.c.i.URLConnectionCaches - Unexpected URLConnection defaultUseCaches enabled
2017-06-30 20:54:44,580 [Worker-67] INFO  o.e.m.c.i.embedder.EclipseLogger - Using 'UTF-8' encoding to copy filtered resources.
2017-06-30 20:54:44,580 [Worker-67] INFO  o.e.m.c.i.embedder.EclipseLogger - skip non existing resourceDirectory C:\xampp\htdocs\konferencja-SeleniumTests\pl\src\main\resources
2017-06-30 20:54:44,581 [Worker-67] INFO  o.e.m.c.i.embedder.EclipseLogger - Using 'UTF-8' encoding to copy filtered resources.
2017-06-30 20:54:44,588 [Worker-67] INFO  o.e.m.c.i.embedder.EclipseLogger - skip non existing resourceDirectory C:\xampp\htdocs\konferencja-SeleniumTests\pl\src\test\resources
2017-06-30 20:55:30,753 [Worker-65] ERROR o.e.m.c.i.URLConnectionCaches - Unexpected URLConnection defaultUseCaches enabled
2017-06-30 20:55:30,766 [Worker-65] INFO  o.e.m.c.i.embedder.EclipseLogger - Using 'UTF-8' encoding to copy filtered resources.
2017-06-30 20:55:30,771 [Worker-65] INFO  o.e.m.c.i.embedder.EclipseLogger - skip non existing resourceDirectory C:\xampp\htdocs\konferencja-SeleniumTests\pl\src\main\resources
2017-06-30 20:55:30,778 [Worker-65] INFO  o.e.m.c.i.embedder.EclipseLogger - Using 'UTF-8' encoding to copy filtered resources.
2017-06-30 20:55:30,778 [Worker-65] INFO  o.e.m.c.i.embedder.EclipseLogger - skip non existing resourceDirectory C:\xampp\htdocs\konferencja-SeleniumTests\pl\src\test\resources
2017-06-30 20:56:53,463 [Worker-67] ERROR o.e.m.c.i.URLConnectionCaches - Unexpected URLConnection defaultUseCaches enabled
2017-06-30 20:56:53,470 [Worker-67] INFO  o.e.m.c.i.embedder.EclipseLogger - Using 'UTF-8' encoding to copy filtered resources.
2017-06-30 20:56:53,474 [Worker-67] INFO  o.e.m.c.i.embedder.EclipseLogger - skip non existing resourceDirectory C:\xampp\htdocs\konferencja-SeleniumTests\pl\src\main\resources
2017-06-30 20:56:53,480 [Worker-67] INFO  o.e.m.c.i.embedder.EclipseLogger - Using 'UTF-8' encoding to copy filtered resources.
2017-06-30 20:56:53,484 [Worker-67] INFO  o.e.m.c.i.embedder.EclipseLogger - skip non existing resourceDirectory C:\xampp\htdocs\konferencja-SeleniumTests\pl\src\test\resources
2017-06-30 20:57:59,483 [Worker-63] ERROR o.e.m.c.i.URLConnectionCaches - Unexpected URLConnection defaultUseCaches enabled
2017-06-30 20:57:59,660 [Worker-63] INFO  o.e.m.c.i.embedder.EclipseLogger - Using 'UTF-8' encoding to copy filtered resources.
2017-06-30 20:57:59,673 [Worker-63] INFO  o.e.m.c.i.embedder.EclipseLogger - skip non existing resourceDirectory C:\xampp\htdocs\konferencja-SeleniumTests\pl\src\main\resources
2017-06-30 20:57:59,686 [Worker-63] INFO  o.e.m.c.i.embedder.EclipseLogger - Using 'UTF-8' encoding to copy filtered resources.
2017-06-30 20:57:59,686 [Worker-63] INFO  o.e.m.c.i.embedder.EclipseLogger - skip non existing resourceDirectory C:\xampp\htdocs\konferencja-SeleniumTests\pl\src\test\resources
2017-06-30 20:59:26,075 [Worker-53] ERROR o.e.m.c.i.URLConnectionCaches - Unexpected URLConnection defaultUseCaches enabled
2017-06-30 20:59:26,179 [Worker-53] INFO  o.e.m.c.i.embedder.EclipseLogger - Using 'UTF-8' encoding to copy filtered resources.
2017-06-30 20:59:26,180 [Worker-53] INFO  o.e.m.c.i.embedder.EclipseLogger - skip non existing resourceDirectory C:\xampp\htdocs\konferencja-SeleniumTests\pl\src\main\resources
2017-06-30 20:59:26,184 [Worker-53] INFO  o.e.m.c.i.embedder.EclipseLogger - Using 'UTF-8' encoding to copy filtered resources.
2017-06-30 20:59:26,254 [Worker-53] INFO  o.e.m.c.i.embedder.EclipseLogger - skip non existing resourceDirectory C:\xampp\htdocs\konferencja-SeleniumTests\pl\src\test\resources
2017-06-30 21:01:05,792 [Worker-69] ERROR o.e.m.c.i.URLConnectionCaches - Unexpected URLConnection defaultUseCaches enabled
2017-06-30 21:01:05,803 [Worker-69] INFO  o.e.m.c.i.embedder.EclipseLogger - Using 'UTF-8' encoding to copy filtered resources.
2017-06-30 21:01:05,807 [Worker-69] INFO  o.e.m.c.i.embedder.EclipseLogger - skip non existing resourceDirectory C:\xampp\htdocs\konferencja-SeleniumTests\pl\src\main\resources
2017-06-30 21:01:05,812 [Worker-69] INFO  o.e.m.c.i.embedder.EclipseLogger - Using 'UTF-8' encoding to copy filtered resources.
2017-06-30 21:01:05,812 [Worker-69] INFO  o.e.m.c.i.embedder.EclipseLogger - skip non existing resourceDirectory C:\xampp\htdocs\konferencja-SeleniumTests\pl\src\test\resources
2017-06-30 21:03:23,387 [Worker-65] ERROR o.e.m.c.i.URLConnectionCaches - Unexpected URLConnection defaultUseCaches enabled
2017-06-30 21:03:23,398 [Worker-65] INFO  o.e.m.c.i.embedder.EclipseLogger - Using 'UTF-8' encoding to copy filtered resources.
2017-06-30 21:03:23,404 [Worker-65] INFO  o.e.m.c.i.embedder.EclipseLogger - skip non existing resourceDirectory C:\xampp\htdocs\konferencja-SeleniumTests\pl\src\main\resources
2017-06-30 21:03:23,410 [Worker-65] INFO  o.e.m.c.i.embedder.EclipseLogger - Using 'UTF-8' encoding to copy filtered resources.
2017-06-30 21:03:23,416 [Worker-65] INFO  o.e.m.c.i.embedder.EclipseLogger - skip non existing resourceDirectory C:\xampp\htdocs\konferencja-SeleniumTests\pl\src\test\resources
2017-06-30 21:04:45,305 [Worker-72] ERROR o.e.m.c.i.URLConnectionCaches - Unexpected URLConnection defaultUseCaches enabled
2017-06-30 21:04:45,463 [Worker-72] INFO  o.e.m.c.i.embedder.EclipseLogger - Using 'UTF-8' encoding to copy filtered resources.
2017-06-30 21:04:45,469 [Worker-72] INFO  o.e.m.c.i.embedder.EclipseLogger - skip non existing resourceDirectory C:\xampp\htdocs\konferencja-SeleniumTests\pl\src\main\resources
2017-06-30 21:04:45,476 [Worker-72] INFO  o.e.m.c.i.embedder.EclipseLogger - Using 'UTF-8' encoding to copy filtered resources.
2017-06-30 21:04:45,476 [Worker-72] INFO  o.e.m.c.i.embedder.EclipseLogger - skip non existing resourceDirectory C:\xampp\htdocs\konferencja-SeleniumTests\pl\src\test\resources
2017-06-30 21:05:38,023 [Worker-71] ERROR o.e.m.c.i.URLConnectionCaches - Unexpected URLConnection defaultUseCaches enabled
2017-06-30 21:05:38,135 [Worker-71] INFO  o.e.m.c.i.embedder.EclipseLogger - Using 'UTF-8' encoding to copy filtered resources.
2017-06-30 21:05:38,136 [Worker-71] INFO  o.e.m.c.i.embedder.EclipseLogger - skip non existing resourceDirectory C:\xampp\htdocs\konferencja-SeleniumTests\pl\src\main\resources
2017-06-30 21:05:38,139 [Worker-71] INFO  o.e.m.c.i.embedder.EclipseLogger - Using 'UTF-8' encoding to copy filtered resources.
2017-06-30 21:05:38,195 [Worker-71] INFO  o.e.m.c.i.embedder.EclipseLogger - skip non existing resourceDirectory C:\xampp\htdocs\konferencja-SeleniumTests\pl\src\test\resources
2017-06-30 21:09:32,115 [Worker-69] ERROR o.e.m.c.i.URLConnectionCaches - Unexpected URLConnection defaultUseCaches enabled
2017-06-30 21:09:32,133 [Worker-69] INFO  o.e.m.c.i.embedder.EclipseLogger - Using 'UTF-8' encoding to copy filtered resources.
2017-06-30 21:09:32,141 [Worker-69] INFO  o.e.m.c.i.embedder.EclipseLogger - skip non existing resourceDirectory C:\xampp\htdocs\konferencja-SeleniumTests\pl\src\main\resources
2017-06-30 21:09:32,148 [Worker-69] INFO  o.e.m.c.i.embedder.EclipseLogger - Using 'UTF-8' encoding to copy filtered resources.
2017-06-30 21:09:32,148 [Worker-69] INFO  o.e.m.c.i.embedder.EclipseLogger - skip non existing resourceDirectory C:\xampp\htdocs\konferencja-SeleniumTests\pl\src\test\resources
2017-06-30 21:10:09,397 [Worker-59] ERROR o.e.m.c.i.URLConnectionCaches - Unexpected URLConnection defaultUseCaches enabled
2017-06-30 21:10:09,411 [Worker-59] INFO  o.e.m.c.i.embedder.EclipseLogger - Using 'UTF-8' encoding to copy filtered resources.
2017-06-30 21:10:09,416 [Worker-59] INFO  o.e.m.c.i.embedder.EclipseLogger - skip non existing resourceDirectory C:\xampp\htdocs\konferencja-SeleniumTests\pl\src\main\resources
2017-06-30 21:10:09,422 [Worker-59] INFO  o.e.m.c.i.embedder.EclipseLogger - Using 'UTF-8' encoding to copy filtered resources.
2017-06-30 21:10:09,426 [Worker-59] INFO  o.e.m.c.i.embedder.EclipseLogger - skip non existing resourceDirectory C:\xampp\htdocs\konferencja-SeleniumTests\pl\src\test\resources
2017-06-30 21:12:10,775 [Worker-65] ERROR o.e.m.c.i.URLConnectionCaches - Unexpected URLConnection defaultUseCaches enabled
2017-06-30 21:12:10,787 [Worker-65] INFO  o.e.m.c.i.embedder.EclipseLogger - Using 'UTF-8' encoding to copy filtered resources.
2017-06-30 21:12:10,796 [Worker-65] INFO  o.e.m.c.i.embedder.EclipseLogger - skip non existing resourceDirectory C:\xampp\htdocs\konferencja-SeleniumTests\pl\src\main\resources
2017-06-30 21:12:10,804 [Worker-65] INFO  o.e.m.c.i.embedder.EclipseLogger - Using 'UTF-8' encoding to copy filtered resources.
2017-06-30 21:12:10,804 [Worker-65] INFO  o.e.m.c.i.embedder.EclipseLogger - skip non existing resourceDirectory C:\xampp\htdocs\konferencja-SeleniumTests\pl\src\test\resources
2017-06-30 21:14:57,682 [Worker-71] ERROR o.e.m.c.i.URLConnectionCaches - Unexpected URLConnection defaultUseCaches enabled
2017-06-30 21:14:57,690 [Worker-71] INFO  o.e.m.c.i.embedder.EclipseLogger - Using 'UTF-8' encoding to copy filtered resources.
2017-06-30 21:14:57,690 [Worker-71] INFO  o.e.m.c.i.embedder.EclipseLogger - skip non existing resourceDirectory C:\xampp\htdocs\konferencja-SeleniumTests\pl\src\main\resources
2017-06-30 21:14:57,692 [Worker-71] INFO  o.e.m.c.i.embedder.EclipseLogger - Using 'UTF-8' encoding to copy filtered resources.
2017-06-30 21:14:57,692 [Worker-71] INFO  o.e.m.c.i.embedder.EclipseLogger - skip non existing resourceDirectory C:\xampp\htdocs\konferencja-SeleniumTests\pl\src\test\resources
2017-06-30 21:37:26,615 [Worker-82] ERROR o.e.m.c.i.URLConnectionCaches - Unexpected URLConnection defaultUseCaches enabled
2017-06-30 21:37:26,741 [Worker-82] INFO  o.e.m.c.i.embedder.EclipseLogger - Using 'UTF-8' encoding to copy filtered resources.
2017-06-30 21:37:26,741 [Worker-82] INFO  o.e.m.c.i.embedder.EclipseLogger - skip non existing resourceDirectory C:\xampp\htdocs\konferencja-SeleniumTests\pl\src\main\resources
2017-06-30 21:37:26,772 [Worker-82] INFO  o.e.m.c.i.embedder.EclipseLogger - Using 'UTF-8' encoding to copy filtered resources.
2017-06-30 21:37:26,772 [Worker-82] INFO  o.e.m.c.i.embedder.EclipseLogger - skip non existing resourceDirectory C:\xampp\htdocs\konferencja-SeleniumTests\pl\src\test\resources
2017-06-30 22:18:13,236 [Worker-112] ERROR o.e.m.c.i.URLConnectionCaches - Unexpected URLConnection defaultUseCaches enabled
2017-06-30 22:18:13,385 [Worker-112] INFO  o.e.m.c.i.embedder.EclipseLogger - Using 'UTF-8' encoding to copy filtered resources.
2017-06-30 22:18:13,428 [Worker-112] INFO  o.e.m.c.i.embedder.EclipseLogger - skip non existing resourceDirectory C:\xampp\htdocs\konferencja-SeleniumTests\pl\src\main\resources
2017-06-30 22:18:13,439 [Worker-112] INFO  o.e.m.c.i.embedder.EclipseLogger - Using 'UTF-8' encoding to copy filtered resources.
2017-06-30 22:18:13,446 [Worker-112] INFO  o.e.m.c.i.embedder.EclipseLogger - skip non existing resourceDirectory C:\xampp\htdocs\konferencja-SeleniumTests\pl\src\test\resources
2017-06-30 22:19:51,738 [Worker-111] ERROR o.e.m.c.i.URLConnectionCaches - Unexpected URLConnection defaultUseCaches enabled
2017-06-30 22:19:51,751 [Worker-111] INFO  o.e.m.c.i.embedder.EclipseLogger - Using 'UTF-8' encoding to copy filtered resources.
2017-06-30 22:19:51,755 [Worker-111] INFO  o.e.m.c.i.embedder.EclipseLogger - skip non existing resourceDirectory C:\xampp\htdocs\konferencja-SeleniumTests\pl\src\main\resources
2017-06-30 22:19:51,760 [Worker-111] INFO  o.e.m.c.i.embedder.EclipseLogger - Using 'UTF-8' encoding to copy filtered resources.
2017-06-30 22:19:51,760 [Worker-111] INFO  o.e.m.c.i.embedder.EclipseLogger - skip non existing resourceDirectory C:\xampp\htdocs\konferencja-SeleniumTests\pl\src\test\resources
2017-06-30 22:38:36,700 [Worker-117] ERROR o.e.m.c.i.URLConnectionCaches - Unexpected URLConnection defaultUseCaches enabled
2017-06-30 22:38:36,829 [Worker-117] INFO  o.e.m.c.i.embedder.EclipseLogger - Using 'UTF-8' encoding to copy filtered resources.
2017-06-30 22:38:36,830 [Worker-117] INFO  o.e.m.c.i.embedder.EclipseLogger - skip non existing resourceDirectory C:\xampp\htdocs\konferencja-SeleniumTests\pl\src\main\resources
2017-06-30 22:38:36,833 [Worker-117] INFO  o.e.m.c.i.embedder.EclipseLogger - Using 'UTF-8' encoding to copy filtered resources.
2017-06-30 22:38:36,872 [Worker-117] INFO  o.e.m.c.i.embedder.EclipseLogger - skip non existing resourceDirectory C:\xampp\htdocs\konferencja-SeleniumTests\pl\src\test\resources
2017-06-30 22:41:27,307 [Worker-112] ERROR o.e.m.c.i.URLConnectionCaches - Unexpected URLConnection defaultUseCaches enabled
2017-06-30 22:41:27,452 [Worker-112] INFO  o.e.m.c.i.embedder.EclipseLogger - Using 'UTF-8' encoding to copy filtered resources.
2017-06-30 22:41:27,467 [Worker-112] INFO  o.e.m.c.i.embedder.EclipseLogger - skip non existing resourceDirectory C:\xampp\htdocs\konferencja-SeleniumTests\pl\src\main\resources
2017-06-30 22:41:27,485 [Worker-112] INFO  o.e.m.c.i.embedder.EclipseLogger - Using 'UTF-8' encoding to copy filtered resources.
2017-06-30 22:41:27,486 [Worker-112] INFO  o.e.m.c.i.embedder.EclipseLogger - skip non existing resourceDirectory C:\xampp\htdocs\konferencja-SeleniumTests\pl\src\test\resources
2017-06-30 22:41:43,775 [Worker-108] ERROR o.e.m.c.i.URLConnectionCaches - Unexpected URLConnection defaultUseCaches enabled
2017-06-30 22:41:43,787 [Worker-108] INFO  o.e.m.c.i.embedder.EclipseLogger - Using 'UTF-8' encoding to copy filtered resources.
2017-06-30 22:41:43,793 [Worker-108] INFO  o.e.m.c.i.embedder.EclipseLogger - skip non existing resourceDirectory C:\xampp\htdocs\konferencja-SeleniumTests\pl\src\main\resources
2017-06-30 22:41:43,801 [Worker-108] INFO  o.e.m.c.i.embedder.EclipseLogger - Using 'UTF-8' encoding to copy filtered resources.
2017-06-30 22:41:43,807 [Worker-108] INFO  o.e.m.c.i.embedder.EclipseLogger - skip non existing resourceDirectory C:\xampp\htdocs\konferencja-SeleniumTests\pl\src\test\resources
2017-06-30 22:44:20,481 [Worker-115] ERROR o.e.m.c.i.URLConnectionCaches - Unexpected URLConnection defaultUseCaches enabled
2017-06-30 22:44:20,763 [Worker-115] INFO  o.e.m.c.i.embedder.EclipseLogger - Using 'UTF-8' encoding to copy filtered resources.
2017-06-30 22:44:20,774 [Worker-115] INFO  o.e.m.c.i.embedder.EclipseLogger - skip non existing resourceDirectory C:\xampp\htdocs\konferencja-SeleniumTests\pl\src\main\resources
2017-06-30 22:44:20,783 [Worker-115] INFO  o.e.m.c.i.embedder.EclipseLogger - Using 'UTF-8' encoding to copy filtered resources.
2017-06-30 22:44:20,783 [Worker-115] INFO  o.e.m.c.i.embedder.EclipseLogger - skip non existing resourceDirectory C:\xampp\htdocs\konferencja-SeleniumTests\pl\src\test\resources
2017-06-30 22:48:22,374 [Worker-108] ERROR o.e.m.c.i.URLConnectionCaches - Unexpected URLConnection defaultUseCaches enabled
2017-06-30 22:48:22,500 [Worker-108] INFO  o.e.m.c.i.embedder.EclipseLogger - Using 'UTF-8' encoding to copy filtered resources.
2017-06-30 22:48:22,500 [Worker-108] INFO  o.e.m.c.i.embedder.EclipseLogger - skip non existing resourceDirectory C:\xampp\htdocs\konferencja-SeleniumTests\pl\src\main\resources
2017-06-30 22:48:22,504 [Worker-108] INFO  o.e.m.c.i.embedder.EclipseLogger - Using 'UTF-8' encoding to copy filtered resources.
2017-06-30 22:48:22,554 [Worker-108] INFO  o.e.m.c.i.embedder.EclipseLogger - skip non existing resourceDirectory C:\xampp\htdocs\konferencja-SeleniumTests\pl\src\test\resources
2017-06-30 22:49:48,287 [Worker-113] ERROR o.e.m.c.i.URLConnectionCaches - Unexpected URLConnection defaultUseCaches enabled
2017-06-30 22:49:48,476 [Worker-113] INFO  o.e.m.c.i.embedder.EclipseLogger - Using 'UTF-8' encoding to copy filtered resources.
2017-06-30 22:49:48,482 [Worker-113] INFO  o.e.m.c.i.embedder.EclipseLogger - skip non existing resourceDirectory C:\xampp\htdocs\konferencja-SeleniumTests\pl\src\main\resources
2017-06-30 22:49:48,488 [Worker-113] INFO  o.e.m.c.i.embedder.EclipseLogger - Using 'UTF-8' encoding to copy filtered resources.
2017-06-30 22:49:48,489 [Worker-113] INFO  o.e.m.c.i.embedder.EclipseLogger - skip non existing resourceDirectory C:\xampp\htdocs\konferencja-SeleniumTests\pl\src\test\resources
2017-06-30 22:50:45,367 [Worker-115] ERROR o.e.m.c.i.URLConnectionCaches - Unexpected URLConnection defaultUseCaches enabled
2017-06-30 22:50:45,374 [Worker-115] INFO  o.e.m.c.i.embedder.EclipseLogger - Using 'UTF-8' encoding to copy filtered resources.
2017-06-30 22:50:45,378 [Worker-115] INFO  o.e.m.c.i.embedder.EclipseLogger - skip non existing resourceDirectory C:\xampp\htdocs\konferencja-SeleniumTests\pl\src\main\resources
2017-06-30 22:50:45,384 [Worker-115] INFO  o.e.m.c.i.embedder.EclipseLogger - Using 'UTF-8' encoding to copy filtered resources.
2017-06-30 22:50:45,388 [Worker-115] INFO  o.e.m.c.i.embedder.EclipseLogger - skip non existing resourceDirectory C:\xampp\htdocs\konferencja-SeleniumTests\pl\src\test\resources
2017-06-30 22:50:57,041 [Worker-116] ERROR o.e.m.c.i.URLConnectionCaches - Unexpected URLConnection defaultUseCaches enabled
2017-06-30 22:50:57,062 [Worker-116] INFO  o.e.m.c.i.embedder.EclipseLogger - Using 'UTF-8' encoding to copy filtered resources.
2017-06-30 22:50:57,069 [Worker-116] INFO  o.e.m.c.i.embedder.EclipseLogger - skip non existing resourceDirectory C:\xampp\htdocs\konferencja-SeleniumTests\pl\src\main\resources
2017-06-30 22:50:57,076 [Worker-116] INFO  o.e.m.c.i.embedder.EclipseLogger - Using 'UTF-8' encoding to copy filtered resources.
2017-06-30 22:50:57,076 [Worker-116] INFO  o.e.m.c.i.embedder.EclipseLogger - skip non existing resourceDirectory C:\xampp\htdocs\konferencja-SeleniumTests\pl\src\test\resources
2017-06-30 22:52:48,557 [Worker-120] ERROR o.e.m.c.i.URLConnectionCaches - Unexpected URLConnection defaultUseCaches enabled
2017-06-30 22:52:48,564 [Worker-120] INFO  o.e.m.c.i.embedder.EclipseLogger - Using 'UTF-8' encoding to copy filtered resources.
2017-06-30 22:52:48,564 [Worker-120] INFO  o.e.m.c.i.embedder.EclipseLogger - skip non existing resourceDirectory C:\xampp\htdocs\konferencja-SeleniumTests\pl\src\main\resources
2017-06-30 22:52:48,565 [Worker-120] INFO  o.e.m.c.i.embedder.EclipseLogger - Using 'UTF-8' encoding to copy filtered resources.
2017-06-30 22:52:48,571 [Worker-120] INFO  o.e.m.c.i.embedder.EclipseLogger - skip non existing resourceDirectory C:\xampp\htdocs\konferencja-SeleniumTests\pl\src\test\resources
2017-06-30 22:53:47,374 [Worker-115] ERROR o.e.m.c.i.URLConnectionCaches - Unexpected URLConnection defaultUseCaches enabled
2017-06-30 22:53:47,395 [Worker-115] INFO  o.e.m.c.i.embedder.EclipseLogger - Using 'UTF-8' encoding to copy filtered resources.
2017-06-30 22:53:47,403 [Worker-115] INFO  o.e.m.c.i.embedder.EclipseLogger - skip non existing resourceDirectory C:\xampp\htdocs\konferencja-SeleniumTests\pl\src\main\resources
2017-06-30 22:53:47,410 [Worker-115] INFO  o.e.m.c.i.embedder.EclipseLogger - Using 'UTF-8' encoding to copy filtered resources.
2017-06-30 22:53:47,410 [Worker-115] INFO  o.e.m.c.i.embedder.EclipseLogger - skip non existing resourceDirectory C:\xampp\htdocs\konferencja-SeleniumTests\pl\src\test\resources
2017-06-30 22:56:54,938 [Worker-126] ERROR o.e.m.c.i.URLConnectionCaches - Unexpected URLConnection defaultUseCaches enabled
2017-06-30 22:56:54,946 [Worker-126] INFO  o.e.m.c.i.embedder.EclipseLogger - Using 'UTF-8' encoding to copy filtered resources.
2017-06-30 22:56:54,952 [Worker-126] INFO  o.e.m.c.i.embedder.EclipseLogger - skip non existing resourceDirectory C:\xampp\htdocs\konferencja-SeleniumTests\pl\src\main\resources
2017-06-30 22:56:54,956 [Worker-126] INFO  o.e.m.c.i.embedder.EclipseLogger - Using 'UTF-8' encoding to copy filtered resources.
2017-06-30 22:56:54,961 [Worker-126] INFO  o.e.m.c.i.embedder.EclipseLogger - skip non existing resourceDirectory C:\xampp\htdocs\konferencja-SeleniumTests\pl\src\test\resources
2017-06-30 22:57:24,851 [Worker-129] ERROR o.e.m.c.i.URLConnectionCaches - Unexpected URLConnection defaultUseCaches enabled
2017-06-30 22:57:24,869 [Worker-129] INFO  o.e.m.c.i.embedder.EclipseLogger - Using 'UTF-8' encoding to copy filtered resources.
2017-06-30 22:57:24,874 [Worker-129] INFO  o.e.m.c.i.embedder.EclipseLogger - skip non existing resourceDirectory C:\xampp\htdocs\konferencja-SeleniumTests\pl\src\main\resources
2017-06-30 22:57:24,881 [Worker-129] INFO  o.e.m.c.i.embedder.EclipseLogger - Using 'UTF-8' encoding to copy filtered resources.
2017-06-30 22:57:24,881 [Worker-129] INFO  o.e.m.c.i.embedder.EclipseLogger - skip non existing resourceDirectory C:\xampp\htdocs\konferencja-SeleniumTests\pl\src\test\resources
2017-06-30 22:57:36,051 [Worker-129] ERROR o.e.m.c.i.URLConnectionCaches - Unexpected URLConnection defaultUseCaches enabled
2017-06-30 22:57:36,058 [Worker-129] INFO  o.e.m.c.i.embedder.EclipseLogger - Using 'UTF-8' encoding to copy filtered resources.
2017-06-30 22:57:36,058 [Worker-129] INFO  o.e.m.c.i.embedder.EclipseLogger - skip non existing resourceDirectory C:\xampp\htdocs\konferencja-SeleniumTests\pl\src\main\resources
2017-06-30 22:57:36,059 [Worker-129] INFO  o.e.m.c.i.embedder.EclipseLogger - Using 'UTF-8' encoding to copy filtered resources.
2017-06-30 22:57:36,059 [Worker-129] INFO  o.e.m.c.i.embedder.EclipseLogger - skip non existing resourceDirectory C:\xampp\htdocs\konferencja-SeleniumTests\pl\src\test\resources
2017-06-30 23:00:25,599 [Worker-126] ERROR o.e.m.c.i.URLConnectionCaches - Unexpected URLConnection defaultUseCaches enabled
2017-06-30 23:00:25,606 [Worker-126] INFO  o.e.m.c.i.embedder.EclipseLogger - Using 'UTF-8' encoding to copy filtered resources.
2017-06-30 23:00:25,607 [Worker-126] INFO  o.e.m.c.i.embedder.EclipseLogger - skip non existing resourceDirectory C:\xampp\htdocs\konferencja-SeleniumTests\pl\src\main\resources
2017-06-30 23:00:25,612 [Worker-126] INFO  o.e.m.c.i.embedder.EclipseLogger - Using 'UTF-8' encoding to copy filtered resources.
2017-06-30 23:00:25,612 [Worker-126] INFO  o.e.m.c.i.embedder.EclipseLogger - skip non existing resourceDirectory C:\xampp\htdocs\konferencja-SeleniumTests\pl\src\test\resources
2017-06-30 23:02:14,487 [Worker-130] ERROR o.e.m.c.i.URLConnectionCaches - Unexpected URLConnection defaultUseCaches enabled
2017-06-30 23:02:14,604 [Worker-130] INFO  o.e.m.c.i.embedder.EclipseLogger - Using 'UTF-8' encoding to copy filtered resources.
2017-06-30 23:02:14,639 [Worker-130] INFO  o.e.m.c.i.embedder.EclipseLogger - skip non existing resourceDirectory C:\xampp\htdocs\konferencja-SeleniumTests\pl\src\main\resources
2017-06-30 23:02:14,644 [Worker-130] INFO  o.e.m.c.i.embedder.EclipseLogger - Using 'UTF-8' encoding to copy filtered resources.
2017-06-30 23:02:14,649 [Worker-130] INFO  o.e.m.c.i.embedder.EclipseLogger - skip non existing resourceDirectory C:\xampp\htdocs\konferencja-SeleniumTests\pl\src\test\resources
2017-06-30 23:03:41,295 [Worker-116] ERROR o.e.m.c.i.URLConnectionCaches - Unexpected URLConnection defaultUseCaches enabled
2017-06-30 23:03:41,500 [Worker-116] INFO  o.e.m.c.i.embedder.EclipseLogger - Using 'UTF-8' encoding to copy filtered resources.
2017-06-30 23:03:41,504 [Worker-116] INFO  o.e.m.c.i.embedder.EclipseLogger - skip non existing resourceDirectory C:\xampp\htdocs\konferencja-SeleniumTests\pl\src\main\resources
2017-06-30 23:03:41,510 [Worker-116] INFO  o.e.m.c.i.embedder.EclipseLogger - Using 'UTF-8' encoding to copy filtered resources.
2017-06-30 23:03:41,510 [Worker-116] INFO  o.e.m.c.i.embedder.EclipseLogger - skip non existing resourceDirectory C:\xampp\htdocs\konferencja-SeleniumTests\pl\src\test\resources
2017-06-30 23:04:00,374 [Worker-112] ERROR o.e.m.c.i.URLConnectionCaches - Unexpected URLConnection defaultUseCaches enabled
2017-06-30 23:04:00,381 [Worker-112] INFO  o.e.m.c.i.embedder.EclipseLogger - Using 'UTF-8' encoding to copy filtered resources.
2017-06-30 23:04:00,381 [Worker-112] INFO  o.e.m.c.i.embedder.EclipseLogger - skip non existing resourceDirectory C:\xampp\htdocs\konferencja-SeleniumTests\pl\src\main\resources
2017-06-30 23:04:00,382 [Worker-112] INFO  o.e.m.c.i.embedder.EclipseLogger - Using 'UTF-8' encoding to copy filtered resources.
2017-06-30 23:04:00,387 [Worker-112] INFO  o.e.m.c.i.embedder.EclipseLogger - skip non existing resourceDirectory C:\xampp\htdocs\konferencja-SeleniumTests\pl\src\test\resources
2017-06-30 23:05:37,114 [Worker-126] ERROR o.e.m.c.i.URLConnectionCaches - Unexpected URLConnection defaultUseCaches enabled
2017-06-30 23:05:37,134 [Worker-126] INFO  o.e.m.c.i.embedder.EclipseLogger - Using 'UTF-8' encoding to copy filtered resources.
2017-06-30 23:05:37,140 [Worker-126] INFO  o.e.m.c.i.embedder.EclipseLogger - skip non existing resourceDirectory C:\xampp\htdocs\konferencja-SeleniumTests\pl\src\main\resources
2017-06-30 23:05:37,147 [Worker-126] INFO  o.e.m.c.i.embedder.EclipseLogger - Using 'UTF-8' encoding to copy filtered resources.
2017-06-30 23:05:37,148 [Worker-126] INFO  o.e.m.c.i.embedder.EclipseLogger - skip non existing resourceDirectory C:\xampp\htdocs\konferencja-SeleniumTests\pl\src\test\resources
2017-06-30 23:07:04,713 [Worker-130] ERROR o.e.m.c.i.URLConnectionCaches - Unexpected URLConnection defaultUseCaches enabled
2017-06-30 23:07:04,725 [Worker-130] INFO  o.e.m.c.i.embedder.EclipseLogger - Using 'UTF-8' encoding to copy filtered resources.
2017-06-30 23:07:04,732 [Worker-130] INFO  o.e.m.c.i.embedder.EclipseLogger - skip non existing resourceDirectory C:\xampp\htdocs\konferencja-SeleniumTests\pl\src\main\resources
2017-06-30 23:07:04,741 [Worker-130] INFO  o.e.m.c.i.embedder.EclipseLogger - Using 'UTF-8' encoding to copy filtered resources.
2017-06-30 23:07:04,748 [Worker-130] INFO  o.e.m.c.i.embedder.EclipseLogger - skip non existing resourceDirectory C:\xampp\htdocs\konferencja-SeleniumTests\pl\src\test\resources
2017-06-30 23:07:30,987 [Worker-126] ERROR o.e.m.c.i.URLConnectionCaches - Unexpected URLConnection defaultUseCaches enabled
2017-06-30 23:07:31,003 [Worker-126] INFO  o.e.m.c.i.embedder.EclipseLogger - Using 'UTF-8' encoding to copy filtered resources.
2017-06-30 23:07:31,007 [Worker-126] INFO  o.e.m.c.i.embedder.EclipseLogger - skip non existing resourceDirectory C:\xampp\htdocs\konferencja-SeleniumTests\pl\src\main\resources
2017-06-30 23:07:31,014 [Worker-126] INFO  o.e.m.c.i.embedder.EclipseLogger - Using 'UTF-8' encoding to copy filtered resources.
2017-06-30 23:07:31,014 [Worker-126] INFO  o.e.m.c.i.embedder.EclipseLogger - skip non existing resourceDirectory C:\xampp\htdocs\konferencja-SeleniumTests\pl\src\test\resources
2017-06-30 23:07:34,697 [Worker-131] ERROR o.e.m.c.i.URLConnectionCaches - Unexpected URLConnection defaultUseCaches enabled
2017-06-30 23:07:34,707 [Worker-131] INFO  o.e.m.c.i.embedder.EclipseLogger - Using 'UTF-8' encoding to copy filtered resources.
2017-06-30 23:07:34,707 [Worker-131] INFO  o.e.m.c.i.embedder.EclipseLogger - skip non existing resourceDirectory C:\xampp\htdocs\konferencja-SeleniumTests\pl\src\main\resources
2017-06-30 23:07:34,708 [Worker-131] INFO  o.e.m.c.i.embedder.EclipseLogger - Using 'UTF-8' encoding to copy filtered resources.
2017-06-30 23:07:34,708 [Worker-131] INFO  o.e.m.c.i.embedder.EclipseLogger - skip non existing resourceDirectory C:\xampp\htdocs\konferencja-SeleniumTests\pl\src\test\resources
2017-06-30 23:11:32,786 [Worker-133] ERROR o.e.m.c.i.URLConnectionCaches - Unexpected URLConnection defaultUseCaches enabled
2017-06-30 23:11:32,913 [Worker-133] INFO  o.e.m.c.i.embedder.EclipseLogger - Using 'UTF-8' encoding to copy filtered resources.
2017-06-30 23:11:32,914 [Worker-133] INFO  o.e.m.c.i.embedder.EclipseLogger - skip non existing resourceDirectory C:\xampp\htdocs\konferencja-SeleniumTests\pl\src\main\resources
2017-06-30 23:11:32,949 [Worker-133] INFO  o.e.m.c.i.embedder.EclipseLogger - Using 'UTF-8' encoding to copy filtered resources.
2017-06-30 23:11:32,949 [Worker-133] INFO  o.e.m.c.i.embedder.EclipseLogger - skip non existing resourceDirectory C:\xampp\htdocs\konferencja-SeleniumTests\pl\src\test\resources
2017-06-30 23:17:40,815 [Worker-134] ERROR o.e.m.c.i.URLConnectionCaches - Unexpected URLConnection defaultUseCaches enabled
2017-06-30 23:17:40,922 [Worker-134] INFO  o.e.m.c.i.embedder.EclipseLogger - Using 'UTF-8' encoding to copy filtered resources.
2017-06-30 23:17:40,961 [Worker-134] INFO  o.e.m.c.i.embedder.EclipseLogger - skip non existing resourceDirectory C:\xampp\htdocs\konferencja-SeleniumTests\pl\src\main\resources
2017-06-30 23:17:40,970 [Worker-134] INFO  o.e.m.c.i.embedder.EclipseLogger - Using 'UTF-8' encoding to copy filtered resources.
2017-06-30 23:17:40,979 [Worker-134] INFO  o.e.m.c.i.embedder.EclipseLogger - skip non existing resourceDirectory C:\xampp\htdocs\konferencja-SeleniumTests\pl\src\test\resources
2017-06-30 23:23:46,868 [Worker-129] ERROR o.e.m.c.i.URLConnectionCaches - Unexpected URLConnection defaultUseCaches enabled
2017-06-30 23:23:47,008 [Worker-129] INFO  o.e.m.c.i.embedder.EclipseLogger - Using 'UTF-8' encoding to copy filtered resources.
2017-06-30 23:23:47,021 [Worker-129] INFO  o.e.m.c.i.embedder.EclipseLogger - skip non existing resourceDirectory C:\xampp\htdocs\konferencja-SeleniumTests\pl\src\main\resources
2017-06-30 23:23:47,038 [Worker-129] INFO  o.e.m.c.i.embedder.EclipseLogger - Using 'UTF-8' encoding to copy filtered resources.
2017-06-30 23:23:47,039 [Worker-129] INFO  o.e.m.c.i.embedder.EclipseLogger - skip non existing resourceDirectory C:\xampp\htdocs\konferencja-SeleniumTests\pl\src\test\resources
2017-06-30 23:25:04,970 [Worker-142] ERROR o.e.m.c.i.URLConnectionCaches - Unexpected URLConnection defaultUseCaches enabled
2017-06-30 23:25:04,977 [Worker-142] INFO  o.e.m.c.i.embedder.EclipseLogger - Using 'UTF-8' encoding to copy filtered resources.
2017-06-30 23:25:04,978 [Worker-142] INFO  o.e.m.c.i.embedder.EclipseLogger - skip non existing resourceDirectory C:\xampp\htdocs\konferencja-SeleniumTests\pl\src\main\resources
2017-06-30 23:25:04,978 [Worker-142] INFO  o.e.m.c.i.embedder.EclipseLogger - Using 'UTF-8' encoding to copy filtered resources.
2017-06-30 23:25:04,983 [Worker-142] INFO  o.e.m.c.i.embedder.EclipseLogger - skip non existing resourceDirectory C:\xampp\htdocs\konferencja-SeleniumTests\pl\src\test\resources
2017-06-30 23:27:09,214 [Worker-145] ERROR o.e.m.c.i.URLConnectionCaches - Unexpected URLConnection defaultUseCaches enabled
2017-06-30 23:27:09,362 [Worker-145] INFO  o.e.m.c.i.embedder.EclipseLogger - Using 'UTF-8' encoding to copy filtered resources.
2017-06-30 23:27:09,368 [Worker-145] INFO  o.e.m.c.i.embedder.EclipseLogger - skip non existing resourceDirectory C:\xampp\htdocs\konferencja-SeleniumTests\pl\src\main\resources
2017-06-30 23:27:09,384 [Worker-145] INFO  o.e.m.c.i.embedder.EclipseLogger - Using 'UTF-8' encoding to copy filtered resources.
2017-06-30 23:27:09,384 [Worker-145] INFO  o.e.m.c.i.embedder.EclipseLogger - skip non existing resourceDirectory C:\xampp\htdocs\konferencja-SeleniumTests\pl\src\test\resources
2017-06-30 23:28:55,508 [Worker-144] ERROR o.e.m.c.i.URLConnectionCaches - Unexpected URLConnection defaultUseCaches enabled
2017-06-30 23:28:55,519 [Worker-144] INFO  o.e.m.c.i.embedder.EclipseLogger - Using 'UTF-8' encoding to copy filtered resources.
2017-06-30 23:28:55,524 [Worker-144] INFO  o.e.m.c.i.embedder.EclipseLogger - skip non existing resourceDirectory C:\xampp\htdocs\konferencja-SeleniumTests\pl\src\main\resources
2017-06-30 23:28:55,529 [Worker-144] INFO  o.e.m.c.i.embedder.EclipseLogger - Using 'UTF-8' encoding to copy filtered resources.
2017-06-30 23:28:55,534 [Worker-144] INFO  o.e.m.c.i.embedder.EclipseLogger - skip non existing resourceDirectory C:\xampp\htdocs\konferencja-SeleniumTests\pl\src\test\resources
2017-06-30 23:31:19,179 [Worker-142] ERROR o.e.m.c.i.URLConnectionCaches - Unexpected URLConnection defaultUseCaches enabled
2017-06-30 23:31:19,312 [Worker-142] INFO  o.e.m.c.i.embedder.EclipseLogger - Using 'UTF-8' encoding to copy filtered resources.
2017-06-30 23:31:19,321 [Worker-142] INFO  o.e.m.c.i.embedder.EclipseLogger - skip non existing resourceDirectory C:\xampp\htdocs\konferencja-SeleniumTests\pl\src\main\resources
2017-06-30 23:31:19,330 [Worker-142] INFO  o.e.m.c.i.embedder.EclipseLogger - Using 'UTF-8' encoding to copy filtered resources.
2017-06-30 23:31:19,330 [Worker-142] INFO  o.e.m.c.i.embedder.EclipseLogger - skip non existing resourceDirectory C:\xampp\htdocs\konferencja-SeleniumTests\pl\src\test\resources
